[INFO] Mark tool probe started at Wed Apr 22 08:02:08 AM EDT 2026
[INFO] Log file: /root/Desktop/mark_tool_probe_20260422_080208.log
[INFO] Initial working directory: /root/Desktop
[INFO] Target repo root: /root/dev/portfolio_projects/variant_annotation_pipeline

[STEP] Changing into VAP repo root
[INFO] Current working directory: /root/dev/portfolio_projects/variant_annotation_pipeline

=== USER / HOST CONTEXT ===
[CMD] whoami
root

[CMD] hostname
VandPyMolGPUResearch

[INFO] HOME=/root

=== REPO STATUS ===
[CMD] git status
On branch main
Your branch is up to date with 'origin/main'.

Untracked files:
  (use "git add <file>..." to include in what will be committed)
	results/run_2026_04_17_044028/
	results/run_2026_04_17_044718/
	results/run_2026_04_17_082417/

nothing added to commit but untracked files present (use "git add" to track)

=== TOOLS DIRECTORY OVERVIEW ===
[CMD] ls -lah $HOME/tools
total 12K
drwxr-xr-x  3 root root 4.0K Apr 21 18:13 .
drwx------ 26 root root 4.0K Apr 22 08:01 ..
drwxr-xr-x  3 root root 4.0K Apr 21 20:10 gatk

[CMD] tree -L 3 $HOME/tools
/root/tools
└── gatk
    ├── gatk -> /root/tools/gatk/gatk-4.6.2.0/gatk
    ├── gatk-4.6.2.0
    │   ├── gatk
    │   ├── gatk-completion.sh
    │   ├── gatkcondaenv.yml
    │   ├── GATKConfig.EXAMPLE.properties
    │   ├── gatkdoc
    │   ├── gatk-package-4.6.2.0-local.jar
    │   ├── gatk-package-4.6.2.0-spark.jar
    │   ├── gatkPythonPackageArchive.zip
    │   ├── README.md
    │   └── scripts
    └── gatk-4.6.2.0.zip

5 directories, 10 files

=== GATK CHECKS ===
[CMD] which gatk

[CMD] ls -lah $HOME/tools/gatk
total 672M
drwxr-xr-x 3 root root 4.0K Apr 21 20:10 .
drwxr-xr-x 3 root root 4.0K Apr 21 18:13 ..
lrwxrwxrwx 1 root root   34 Apr 21 20:10 gatk -> /root/tools/gatk/gatk-4.6.2.0/gatk
drwxr-xr-x 4 root root 4.0K Apr 13  2025 gatk-4.6.2.0
-rw-r--r-- 1 root root 672M Apr 13  2025 gatk-4.6.2.0.zip

[CMD] find $HOME/tools -maxdepth 4 -name gatk -type f
/root/tools/gatk/gatk-4.6.2.0/gatk

[CMD] ls -lah $HOME/tools/gatk/gatk
lrwxrwxrwx 1 root root 34 Apr 21 20:10 /root/tools/gatk/gatk -> /root/tools/gatk/gatk-4.6.2.0/gatk

[CMD] file $HOME/tools/gatk/gatk
/root/tools/gatk/gatk: symbolic link to /root/tools/gatk/gatk-4.6.2.0/gatk

[CMD] $HOME/tools/gatk/gatk --help | head
/usr/bin/env: ‘python’: No such file or directory

=== PERL / VEP / ANNOVAR CHECKS ===
[CMD] which perl
/usr/bin/perl

[CMD] which vep

[CMD] find $HOME/tools -maxdepth 4 \( -name vep -o -name table_annovar.pl -o -name annotate_variation.pl \)

=== VAP TOOL SCRIPT STATUS ===
[CMD] TARGET_ENV=mark MODE=status bash scripts/tools/setup_pipeline_tools.sh
[INFO] TARGET_ENV: mark
[INFO] MODE: status
[INFO] TOOLS_BASE: /root/tools
[INFO] GATK_DIR: /root/tools/gatk
[INFO] GATK_EXECUTABLE: /root/tools/gatk/gatk
[INFO] VEP_DIR: /root/tools/vep
[INFO] VEP_EXECUTABLE: <unset>
[INFO] ANNOVAR_DIR: /root/tools/annovar
[INFO] ANNOVAR_EXECUTABLE: /root/tools/annovar/table_annovar.pl
[INFO] Found tool on PATH: perl -> /usr/bin/perl
[INFO] Found GATK executable: /root/tools/gatk/gatk
[WARN] Tool not found on PATH: vep
[WARN] ANNOVAR executable path does not exist: /root/tools/annovar/table_annovar.pl
[INFO] Tools base directory exists and is non-empty.
[INFO] GATK directory directory exists and is non-empty.
[WARN] VEP directory directory does not exist.
[WARN] ANNOVAR directory directory does not exist.

[INFO] Mark tool probe completed at Wed Apr 22 08:02:08 AM EDT 2026
[INFO] Log file saved to: /root/Desktop/mark_tool_probe_20260422_080208.log
