[INFO] Mark Stage 08 checkpoint run started at Sun Apr 26 10:42:27 PM EDT 2026
[INFO] Log file: /root/Desktop/mark_run_stage08_checkpoint_20260426_224227.log
[INFO] Repo root: /root/dev/portfolio_projects/variant_annotation_pipeline
[INFO] Config path: /root/dev/portfolio_projects/variant_annotation_pipeline/config/config.mark.local.yaml

=== REPO STATUS ===

=== FIND LATEST STAGE 07 OUTPUTS ===
[INFO] ANNOTATED_TSV=/root/dev/portfolio_projects/variant_annotation_pipeline/results/run_2026_04_17_082417/processed/HG002_run_2026_04_17_082417.annotated_variants.tsv
[INFO] ANNOTATED_VCF=/root/dev/portfolio_projects/variant_annotation_pipeline/results/run_2026_04_17_082417/processed/HG002_run_2026_04_17_082417.annotated_variants.vcf
-rw-r--r-- 1 root root 1005M Apr 26 22:26 /root/dev/portfolio_projects/variant_annotation_pipeline/results/run_2026_04_17_082417/processed/HG002_run_2026_04_17_082417.annotated_variants.tsv
-rw-r--r-- 1 root root  1.8G Apr 26 22:24 /root/dev/portfolio_projects/variant_annotation_pipeline/results/run_2026_04_17_082417/processed/HG002_run_2026_04_17_082417.annotated_variants.vcf

=== RUN STAGE 08 FROM CHECKPOINT ===
[PYTHON][INFO] ANNOTATED_TSV= /root/dev/portfolio_projects/variant_annotation_pipeline/results/run_2026_04_17_082417/processed/HG002_run_2026_04_17_082417.annotated_variants.tsv
[PYTHON][INFO] ANNOTATED_VCF= /root/dev/portfolio_projects/variant_annotation_pipeline/results/run_2026_04_17_082417/processed/HG002_run_2026_04_17_082417.annotated_variants.vcf
[PYTHON][INFO] PROCESSED_DIR= /root/dev/portfolio_projects/variant_annotation_pipeline/results/run_2026_04_17_082417/processed
[LOGGER][INFO] Stage 08: filtering and partitioning annotated variants.
[LOGGER][INFO] Stage 08 canonical input TSV: /root/dev/portfolio_projects/variant_annotation_pipeline/results/run_2026_04_17_082417/processed/HG002_run_2026_04_17_082417.annotated_variants.tsv
[LOGGER][INFO] Stage 08 validation/provenance VCF: /root/dev/portfolio_projects/variant_annotation_pipeline/results/run_2026_04_17_082417/processed/HG002_run_2026_04_17_082417.annotated_variants.vcf
[LOGGER][INFO] Stage 08 annotation_source: VEP
[LOGGER][INFO] Stage 08 annotation_version: 115
[LOGGER][INFO] Stage 08 selected transcript consequences written to: /root/dev/portfolio_projects/variant_annotation_pipeline/results/run_2026_04_17_082417/processed/stage_08_selected_transcript_consequences.tsv
[LOGGER][INFO] Stage 08 variant summary written to: /root/dev/portfolio_projects/variant_annotation_pipeline/results/run_2026_04_17_082417/processed/stage_08_variant_summary.tsv
[LOGGER][INFO] Stage 08 VDB-ready variants written to: /root/dev/portfolio_projects/variant_annotation_pipeline/results/run_2026_04_17_082417/processed/stage_08_vdb_ready_variants.tsv
[LOGGER][INFO] Stage 08 RDGP gene evidence seed written to: /root/dev/portfolio_projects/variant_annotation_pipeline/results/run_2026_04_17_082417/processed/stage_08_rdgp_gene_evidence_seed.tsv
[LOGGER][INFO] Stage 08 summary JSON written to: /root/dev/portfolio_projects/variant_annotation_pipeline/results/run_2026_04_17_082417/processed/stage_08_summary.json
[LOGGER][INFO] Stage 08 total variants processed: 4636584
[LOGGER][INFO] Stage 08 irreparably malformed rows skipped: 0

=== STAGE 08 RESULT SUMMARY ===
{
  "stage_08_qc": {
    "total_variants": 4636584,
    "irreparably_malformed_rows": 0,
    "selected_transcript_consequences_exists": true,
    "variant_summary_exists": true,
    "vdb_ready_variants_exists": true,
    "rdgp_gene_evidence_seed_exists": true,
    "qc_status_counts": {
      "caution": 44460,
      "pass": 4592124
    }
  },
  "stage_output": {
    "status": "success",
    "input_annotated_table": "/root/dev/portfolio_projects/variant_annotation_pipeline/results/run_2026_04_17_082417/processed/HG002_run_2026_04_17_082417.annotated_variants.tsv",
    "input_annotated_vcf": "/root/dev/portfolio_projects/variant_annotation_pipeline/results/run_2026_04_17_082417/processed/HG002_run_2026_04_17_082417.annotated_variants.vcf",
    "outputs": {
      "selected_transcript_consequences": "/root/dev/portfolio_projects/variant_annotation_pipeline/results/run_2026_04_17_082417/processed/stage_08_selected_transcript_consequences.tsv",
      "variant_summary": "/root/dev/portfolio_projects/variant_annotation_pipeline/results/run_2026_04_17_082417/processed/stage_08_variant_summary.tsv",
      "coding_candidates": "/root/dev/portfolio_projects/variant_annotation_pipeline/results/run_2026_04_17_082417/processed/coding_candidates.tsv",
      "splice_region_candidates": "/root/dev/portfolio_projects/variant_annotation_pipeline/results/run_2026_04_17_082417/processed/splice_region_candidates.tsv",
      "noncoding_candidates": "/root/dev/portfolio_projects/variant_annotation_pipeline/results/run_2026_04_17_082417/processed/noncoding_candidates.tsv",
      "qc_flagged": "/root/dev/portfolio_projects/variant_annotation_pipeline/results/run_2026_04_17_082417/processed/qc_flagged.tsv",
      "summary_json": "/root/dev/portfolio_projects/variant_annotation_pipeline/results/run_2026_04_17_082417/processed/stage_08_summary.json",
      "vdb_ready_variants": "/root/dev/portfolio_projects/variant_annotation_pipeline/results/run_2026_04_17_082417/processed/stage_08_vdb_ready_variants.tsv",
      "rdgp_gene_evidence_seed": "/root/dev/portfolio_projects/variant_annotation_pipeline/results/run_2026_04_17_082417/processed/stage_08_rdgp_gene_evidence_seed.tsv"
    },
    "total_variants": 4636584,
    "variant_summary_rows": 4636584,
    "rdgp_gene_evidence_seed_rows": 50230,
    "irreparably_malformed_rows": 0
  },
  "artifacts": {
    "stage_08_selected_transcript_consequences": "/root/dev/portfolio_projects/variant_annotation_pipeline/results/run_2026_04_17_082417/processed/stage_08_selected_transcript_consequences.tsv",
    "stage_08_variant_summary": "/root/dev/portfolio_projects/variant_annotation_pipeline/results/run_2026_04_17_082417/processed/stage_08_variant_summary.tsv",
    "coding_candidates": "/root/dev/portfolio_projects/variant_annotation_pipeline/results/run_2026_04_17_082417/processed/coding_candidates.tsv",
    "splice_region_candidates": "/root/dev/portfolio_projects/variant_annotation_pipeline/results/run_2026_04_17_082417/processed/splice_region_candidates.tsv",
    "noncoding_candidates": "/root/dev/portfolio_projects/variant_annotation_pipeline/results/run_2026_04_17_082417/processed/noncoding_candidates.tsv",
    "qc_flagged": "/root/dev/portfolio_projects/variant_annotation_pipeline/results/run_2026_04_17_082417/processed/qc_flagged.tsv",
    "stage_08_summary_json": "/root/dev/portfolio_projects/variant_annotation_pipeline/results/run_2026_04_17_082417/processed/stage_08_summary.json",
    "stage_08_vdb_ready_variants": "/root/dev/portfolio_projects/variant_annotation_pipeline/results/run_2026_04_17_082417/processed/stage_08_vdb_ready_variants.tsv",
    "stage_08_rdgp_gene_evidence_seed": "/root/dev/portfolio_projects/variant_annotation_pipeline/results/run_2026_04_17_082417/processed/stage_08_rdgp_gene_evidence_seed.tsv"
  },
  "warnings": []
}

=== STAGE 08 OUTPUT FILES ===
-rw-r--r-- 1 root root 1.2M Apr 26 22:50 /root/dev/portfolio_projects/variant_annotation_pipeline/results/run_2026_04_17_082417/processed/splice_region_candidates.tsv
-rw-r--r-- 1 root root 1.3G Apr 26 22:50 /root/dev/portfolio_projects/variant_annotation_pipeline/results/run_2026_04_17_082417/processed/noncoding_candidates.tsv
-rw-r--r-- 1 root root 1.3G Apr 26 22:50 /root/dev/portfolio_projects/variant_annotation_pipeline/results/run_2026_04_17_082417/processed/stage_08_selected_transcript_consequences.tsv
-rw-r--r-- 1 root root 1.3G Apr 26 22:50 /root/dev/portfolio_projects/variant_annotation_pipeline/results/run_2026_04_17_082417/processed/stage_08_vdb_ready_variants.tsv
-rw-r--r-- 1 root root 13M Apr 26 22:50 /root/dev/portfolio_projects/variant_annotation_pipeline/results/run_2026_04_17_082417/processed/qc_flagged.tsv
-rw-r--r-- 1 root root 2.0K Apr 26 22:51 /root/dev/portfolio_projects/variant_annotation_pipeline/results/run_2026_04_17_082417/processed/stage_08_summary.json
-rw-r--r-- 1 root root 58M Apr 26 22:51 /root/dev/portfolio_projects/variant_annotation_pipeline/results/run_2026_04_17_082417/processed/stage_08_rdgp_gene_evidence_seed.tsv
-rw-r--r-- 1 root root 6.6M Apr 26 22:50 /root/dev/portfolio_projects/variant_annotation_pipeline/results/run_2026_04_17_082417/processed/coding_candidates.tsv
-rw-r--r-- 1 root root 957M Apr 26 22:51 /root/dev/portfolio_projects/variant_annotation_pipeline/results/run_2026_04_17_082417/processed/stage_08_variant_summary.tsv

=== SUMMARY JSON HEAD ===
[INFO] SUMMARY_JSON=/root/dev/portfolio_projects/variant_annotation_pipeline/results/run_2026_04_17_082417/processed/stage_08_summary.json
{
  "annotation_source": "VEP",
  "annotation_version": "115",
  "assumptions": [
    "VAP v1 treats Stage 07 annotated_variants.tsv as canonical selected-transcript truth.",
    "Full CSQ expansion from annotated_variants.vcf is deferred to a future VAP v2 mode.",
    "canonical_present is emitted as False because Stage 07 TSV does not expose CANONICAL in v1.",
    "RDGP gene evidence seed groups by gene_id when available, otherwise by gene_symbol when gene_id is missing but gene_symbol is mapped.",
    "population_frequency is recomputed as max(non-missing gnomad_af, exac_af, thousand_genomes_af)."
  ],
  "clinical_status": {
    "benign": 38317,
    "conflicting": 74,
    "likely_benign": 1809,
    "likely_pathogenic": 18,
    "missing": 4595778,
    "pathogenic": 48,
    "vus": 540
  },
  "frequency_status": {
    "common": 4230918,
    "low_frequency": 158207,
    "missing": 117655,
    "rare": 129804
  },
  "interpretability_counts": {
    "interpretable_now": 27486,
    "needs_external_annotation": 4564638,
    "unsupported_currently": 44460
  },
  "irreparably_malformed_rows": 0,
  "partition_counts": {
    "coding_candidates": 24278,
    "noncoding_candidates": 4612207,
    "qc_flagged": 44460,
    "splice_region_candidates": 3733
  },
  "qc_status_counts": {
    "caution": 44460,
    "pass": 4592124
  },
  "rdgp_gene_evidence_seed_rows": 50230,
  "total_variants": 4636584,
  "variant_summary_rows": 4636584,
  "variants_by_context": {
    "coding": 23753,
    "intergenic": 1107793,
    "intronic": 2819766,
    "noncoding_transcript": 49108,
    "regulatory": 587971,
    "splice_region": 3733,
    "unknown": 44460
  },
  "variants_by_severity": {
    "HIGH": 791,
    "LOW": 18525,
    "MODERATE": 11946,
    "MODIFIER": 4605322
  },
  "variants_by_variant_class": {
    "coding": 27486,
    "noncoding": 4564638,
    "unknown": 44460
  },
  "variants_by_variant_type": {
    "complex": 25273,
    "deletion": 348849,
    "indel": 3016,
    "insertion": 319210,
    "snv": 3940236
  }
}

=== FIRST STAGE 08 ROW CHECK ===
[INFO] SELECTED_TSV=/root/dev/portfolio_projects/variant_annotation_pipeline/results/run_2026_04_17_082417/processed/stage_08_selected_transcript_consequences.tsv
sample_id  run_id                 source_pipeline              variant_id   chromosome  position  reference_allele  alternate_allele  variant_type  variant_class  quality_flag  gene_id          gene_symbol  transcript_id      consequence                         impact_class  clinical_significance  clinvar_significance  population_frequency  gnomad_af  exac_af  thousand_genomes_af  mito_flag  epilepsy_flag  annotation_source  annotation_version  gene_mapping_status  variant_context       variant_effect_severity  qc_status  interpretability_status    frequency_status  clinical_status
HG002      run_2026_04_17_082417  variant_annotation_pipeline  1:14522:G:A  1           14522     G                 A                 snv           noncoding      PASS          ENSG00000310526  WASH7P       ENST00000831140.1  non_coding_transcript_exon_variant  MODIFIER      NA                     NA                    0.1893                0.1893     NA       NA                   False      False          VEP                115                 mapped               noncoding_transcript  MODIFIER                 pass       needs_external_annotation  common            missing

[INFO] Mark Stage 08 checkpoint run completed at Sun Apr 26 10:51:42 PM EDT 2026
[INFO] Log file saved to: /root/Desktop/mark_run_stage08_checkpoint_20260426_224227.log
