[INFO] Mark Stage 13 checkpoint run started at Wed Apr 29 11:07:30 AM EDT 2026
[INFO] Log file: /root/Desktop/mark_run_stage13_checkpoint_20260429_110730.log
[INFO] Repo root: /root/dev/portfolio_projects/variant_annotation_pipeline

=== PYTHON ENV CHECK ===
/root/dev/portfolio_projects/variant_annotation_pipeline/.venv/bin/python
Python 3.11.2

=== REPO STATUS ===

=== FIND REQUIRED STAGE 13 INPUTS ===
[INFO] STAGE11_TSV=/root/dev/portfolio_projects/variant_annotation_pipeline/results/run_2026_04_17_082417/processed/stage_11_prioritized_variants.tsv
[INFO] STAGE11_JSON=/root/dev/portfolio_projects/variant_annotation_pipeline/results/run_2026_04_17_082417/processed/stage_11_summary.json
[INFO] STAGE11_GENE_COUNTS=/root/dev/portfolio_projects/variant_annotation_pipeline/results/run_2026_04_17_082417/processed/stage_11_gene_variant_counts.tsv
[INFO] STAGE12_TSV=/root/dev/portfolio_projects/variant_annotation_pipeline/results/run_2026_04_17_082417/processed/stage_12_validation_candidates.tsv
[INFO] STAGE12_JSON=/root/dev/portfolio_projects/variant_annotation_pipeline/results/run_2026_04_17_082417/processed/stage_12_summary.json
-rw-r--r-- 1 root root 976K Apr 29 02:02 /root/dev/portfolio_projects/variant_annotation_pipeline/results/run_2026_04_17_082417/processed/stage_11_gene_variant_counts.tsv
-rw-r--r-- 1 root root 2.2G Apr 29 02:02 /root/dev/portfolio_projects/variant_annotation_pipeline/results/run_2026_04_17_082417/processed/stage_11_prioritized_variants.tsv
-rw-r--r-- 1 root root 3.6K Apr 29 02:02 /root/dev/portfolio_projects/variant_annotation_pipeline/results/run_2026_04_17_082417/processed/stage_11_summary.json
-rw-r--r-- 1 root root 1.5K Apr 29 03:11 /root/dev/portfolio_projects/variant_annotation_pipeline/results/run_2026_04_17_082417/processed/stage_12_summary.json
-rw-r--r-- 1 root root 2.4G Apr 29 03:11 /root/dev/portfolio_projects/variant_annotation_pipeline/results/run_2026_04_17_082417/processed/stage_12_validation_candidates.tsv

=== VERIFY STAGE 13 IMPORTS ===

=== RUN STAGE 13 FROM CHECKPOINT ===
[PYTHON][INFO] PROCESSED_DIR= /root/dev/portfolio_projects/variant_annotation_pipeline/results/run_2026_04_17_082417/processed
[LOGGER][INFO] Stage 13: writing final summary and manifest.
[LOGGER][INFO] Stage 13 final summary written to: /root/dev/portfolio_projects/variant_annotation_pipeline/results/run_2026_04_17_082417/processed/stage_13_final_summary.json
[LOGGER][INFO] Stage 13 artifact manifest written to: /root/dev/portfolio_projects/variant_annotation_pipeline/results/run_2026_04_17_082417/processed/stage_13_artifact_manifest.json
[LOGGER][INFO] Stage 13 run report written to: /root/dev/portfolio_projects/variant_annotation_pipeline/results/run_2026_04_17_082417/processed/stage_13_run_report.md

=== STAGE 13 RESULT SUMMARY ===
{
  "stage_13_qc": {
    "required_inputs_validated": true,
    "row_count_consistency_passed": true,
    "final_summary_exists": true,
    "artifact_manifest_exists": true,
    "run_report_exists": true
  },
  "stage_output": {
    "status": "success",
    "final_summary": "/root/dev/portfolio_projects/variant_annotation_pipeline/results/run_2026_04_17_082417/processed/stage_13_final_summary.json",
    "artifact_manifest": "/root/dev/portfolio_projects/variant_annotation_pipeline/results/run_2026_04_17_082417/processed/stage_13_artifact_manifest.json",
    "run_report": "/root/dev/portfolio_projects/variant_annotation_pipeline/results/run_2026_04_17_082417/processed/stage_13_run_report.md"
  },
  "artifacts": {
    "stage_13_final_summary": "/root/dev/portfolio_projects/variant_annotation_pipeline/results/run_2026_04_17_082417/processed/stage_13_final_summary.json",
    "stage_13_artifact_manifest": "/root/dev/portfolio_projects/variant_annotation_pipeline/results/run_2026_04_17_082417/processed/stage_13_artifact_manifest.json",
    "stage_13_run_report": "/root/dev/portfolio_projects/variant_annotation_pipeline/results/run_2026_04_17_082417/processed/stage_13_run_report.md"
  },
  "warnings": []
}

=== STAGE 13 OUTPUT FILES ===
-rw-r--r-- 1 root root 3.2K Apr 29 11:07 /root/dev/portfolio_projects/variant_annotation_pipeline/results/run_2026_04_17_082417/processed/stage_13_final_summary.json
-rw-r--r-- 1 root root 3.2K Apr 29 11:07 /root/dev/portfolio_projects/variant_annotation_pipeline/results/run_2026_04_17_082417/processed/stage_13_run_report.md
-rw-r--r-- 1 root root 9.9K Apr 29 11:07 /root/dev/portfolio_projects/variant_annotation_pipeline/results/run_2026_04_17_082417/processed/stage_13_artifact_manifest.json

=== FINAL SUMMARY JSON ===
[INFO] FINAL_SUMMARY=/root/dev/portfolio_projects/variant_annotation_pipeline/results/run_2026_04_17_082417/processed/stage_13_final_summary.json
{
  "annotation_sources_present": [
    "VEP"
  ],
  "annotation_versions_present": [
    "115"
  ],
  "artifact_manifest_path": "/root/dev/portfolio_projects/variant_annotation_pipeline/results/run_2026_04_17_082417/processed/stage_13_artifact_manifest.json",
  "counts_by_priority_rank": {
    "2": 113363,
    "3": 3369755,
    "4": 1153466
  },
  "counts_by_priority_tier": {
    "tier_2_moderate_candidate": 113363,
    "tier_3_low_support_or_common": 3369755,
    "tier_4_uninterpretable_or_qc_limited": 1153466
  },
  "counts_by_source_interpretation_label": {
    "coding_common_or_low_support": 25169,
    "coding_uninterpretable": 1196,
    "lof_or_missense_rare": 1121,
    "noncoding_common_or_low_support": 3344586,
    "noncoding_uninterpretable": 1152270,
    "regulatory_or_transcript_rare": 112242
  },
  "counts_by_suggested_validation_method": {
    "IGV": 113363,
    "none": 4523221
  },
  "counts_by_validation_priority": {
    "low": 4523221,
    "medium": 113363
  },
  "counts_by_validation_required": {
    "False": 4523221,
    "True": 113363
  },
  "counts_by_variant_origin": {
    "coding": 27486,
    "noncoding": 4609098
  },
  "gene_id_count_unique": 50231,
  "high_priority_candidate_count": 0,
  "low_priority_candidate_count": 3369755,
  "moderate_priority_candidate_count": 113363,
  "prioritized_variant_count": 4636584,
  "qc_status_by_stage": {
    "stage_08": {
      "input_rows": null,
      "output_rows": null,
      "status": "not_collected"
    },
    "stage_09": {
      "input_rows": null,
      "output_rows": null,
      "status": "not_collected"
    },
    "stage_10": {
      "input_rows": null,
      "output_rows": null,
      "status": "not_collected"
    },
    "stage_11": {
      "input_rows": 4636584,
      "output_rows": 4636584,
      "status": "success"
    },
    "stage_12": {
      "input_rows": 4636584,
      "output_rows": 4636584,
      "status": "success"
    }
  },
  "run_id": "run_2026_04_17_082417",
  "run_report_path": "/root/dev/portfolio_projects/variant_annotation_pipeline/results/run_2026_04_17_082417/processed/stage_13_run_report.md",
  "sample_id": "HG002",
  "source_pipeline": "variant_annotation_pipeline",
  "stage": "stage_13_write_summary",
  "status": "success",
  "top_gene_variant_counts": [
    {
      "gene_id": "NA",
      "variant_count": "1107793"
    },
    {
      "gene_id": "ENSG00000183117",
      "variant_count": "8781"
    },
    {
      "gene_id": "ENSG00000078328",
      "variant_count": "7094"
    },
    {
      "gene_id": "ENSG00000153707",
      "variant_count": "4738"
    },
    {
      "gene_id": "ENSG00000174469",
      "variant_count": "4577"
    },
    {
      "gene_id": "ENSG00000168702",
      "variant_count": "3963"
    },
    {
      "gene_id": "ENSG00000185053",
      "variant_count": "3473"
    },
    {
      "gene_id": "ENSG00000188107",
      "variant_count": "3452"
    },
    {
      "gene_id": "ENSG00000150275",
      "variant_count": "3371"
    },
    {
      "gene_id": "ENSG00000186153",
      "variant_count": "3249"
    }
  ],
  "total_variants_processed": 4636584,
  "uninterpretable_count": 1153466,
  "validation_candidate_count": 4636584,
  "validation_required_count": 113363
}

=== RUN REPORT HEAD ===
[INFO] RUN_REPORT=/root/dev/portfolio_projects/variant_annotation_pipeline/results/run_2026_04_17_082417/processed/stage_13_run_report.md
# VAP Stage 13 Final Run Report

## Run overview

- Run ID: `run_2026_04_17_082417`
- Sample ID: `HG002`
- Source pipeline: `variant_annotation_pipeline`
- Total variants processed: `4636584`
- Prioritized variants: `4636584`
- Validation candidates: `4636584`

## Input artifacts

- `stage_11_prioritized_variants` — exists=True, size_bytes=2335070476, path=`/root/dev/portfolio_projects/variant_annotation_pipeline/results/run_2026_04_17_082417/processed/stage_11_prioritized_variants.tsv`
- `stage_11_summary_json` — exists=True, size_bytes=3676, path=`/root/dev/portfolio_projects/variant_annotation_pipeline/results/run_2026_04_17_082417/processed/stage_11_summary.json`
- `stage_11_gene_variant_counts` — exists=True, size_bytes=998494, path=`/root/dev/portfolio_projects/variant_annotation_pipeline/results/run_2026_04_17_082417/processed/stage_11_gene_variant_counts.tsv`
- `stage_12_validation_candidates` — exists=True, size_bytes=2548081260, path=`/root/dev/portfolio_projects/variant_annotation_pipeline/results/run_2026_04_17_082417/processed/stage_12_validation_candidates.tsv`
- `stage_12_summary_json` — exists=True, size_bytes=1468, path=`/root/dev/portfolio_projects/variant_annotation_pipeline/results/run_2026_04_17_082417/processed/stage_12_summary.json`

## Final output artifacts

- `stage_13_final_summary` — exists=True, size_bytes=3227, path=`/root/dev/portfolio_projects/variant_annotation_pipeline/results/run_2026_04_17_082417/processed/stage_13_final_summary.json`
- `stage_13_artifact_manifest` — exists=False, size_bytes=0, path=`/root/dev/portfolio_projects/variant_annotation_pipeline/results/run_2026_04_17_082417/processed/stage_13_artifact_manifest.json`
- `stage_13_run_report` — exists=False, size_bytes=0, path=`/root/dev/portfolio_projects/variant_annotation_pipeline/results/run_2026_04_17_082417/processed/stage_13_run_report.md`

## Variant prioritization summary

- `tier_2_moderate_candidate`: `113363`
- `tier_3_low_support_or_common`: `3369755`
- `tier_4_uninterpretable_or_qc_limited`: `1153466`

## Validation preparation summary

- Validation required: `113363`
- Validation not required: `4523221`
- Suggested IGV validations: `113363`

## Gene-count summary

- Unique gene IDs observed: `50231`

| gene_id | variant_count |
|---|---:|
| NA | 1107793 |
| ENSG00000183117 | 8781 |
| ENSG00000078328 | 7094 |
| ENSG00000153707 | 4738 |
| ENSG00000174469 | 4577 |
| ENSG00000168702 | 3963 |
| ENSG00000185053 | 3473 |
| ENSG00000188107 | 3452 |
| ENSG00000150275 | 3371 |
| ENSG00000186153 | 3249 |

## QC summary

- Required inputs exist and are non-empty.
- Stage 11 and Stage 12 row-count consistency checks passed.
- Stage 13 did not modify upstream outputs.

## Assumptions

- Stage 11 and Stage 12 outputs are contract-compliant.
- Stage 13 operates on a single completed run directory.
- Gene-level counts are descriptive only and are not RDGP ranking.

## Limitations

- Stage 13 does not create visualizations.
- Stage 13 does not execute IGV.
- Stage 13 does not parse BAM files.
- Stage 13 does not perform phenotype matching or gene ranking.

## Non-goals

- No new annotation.
- No new interpretation.
- No new prioritization.
- No gene-level ranking.
- No upstream recomputation.

=== ARTIFACT MANIFEST QUICK CHECK ===
[INFO] MANIFEST=/root/dev/portfolio_projects/variant_annotation_pipeline/results/run_2026_04_17_082417/processed/stage_13_artifact_manifest.json
artifact_count: 25
required_count: 8
missing_required: ['stage_13_artifact_manifest', 'stage_13_run_report']

[INFO] Mark Stage 13 checkpoint run completed at Wed Apr 29 11:07:30 AM EDT 2026
[INFO] Log file saved to: /root/Desktop/mark_run_stage13_checkpoint_20260429_110730.log
