[INFO] Mark Stage 07 checkpoint probe started at Thu Apr 23 04:28:38 PM EDT 2026
[INFO] Log file: /root/Desktop/mark_run_stage07_checkpoint_probe_20260423_162838.log
[INFO] Repo root: /root/dev/portfolio_projects/variant_annotation_pipeline
[INFO] Config path: /root/dev/portfolio_projects/variant_annotation_pipeline/config/config.mark.local.yaml

[STEP] Activating VAP .venv
[INFO] Venv activated.

=== REPO STATUS ===
[CMD] git status --short
?? results/bootstrap_logs/
?? results/run_2026_04_17_044028/
?? results/run_2026_04_17_044718/
?? results/run_2026_04_17_082417/

=== FIND LATEST NORMALIZED VCF ===
[INFO] LATEST_VCF=/root/dev/portfolio_projects/variant_annotation_pipeline/results/run_2026_04_17_082417/interim/HG002_run_2026_04_17_082417.normalized_variants.vcf

=== PYTHON STAGE 07 PROBE ===
[PYTHON][INFO] CONFIG_PATH= /root/dev/portfolio_projects/variant_annotation_pipeline/config/config.mark.local.yaml
[PYTHON][INFO] NORMALIZED_VCF= /root/dev/portfolio_projects/variant_annotation_pipeline/results/run_2026_04_17_082417/interim/HG002_run_2026_04_17_082417.normalized_variants.vcf
[PYTHON][INFO] PROCESSED_DIR= /root/dev/portfolio_projects/variant_annotation_pipeline/results/run_2026_04_17_082417/processed
[PYTHON][INFO] MITOCARTA_PATH= /data/storage/gene_sets/MitoCarta3.0_human_genes.tsv
[PYTHON][INFO] GENES4EPILEPSY_PATH= /data/storage/gene_sets/Genes4Epilepsy.tsv
[LOGGER][INFO] Stage 07: annotating variants.
[LOGGER][INFO] Stage 07 annotation engine selected: vep
[LOGGER][INFO] Resolved VEP executable: /root/tools/vep/vep
[LOGGER][INFO] Validated VEP cache directory: /root/.vep
[LOGGER][INFO] VEP annotation command: /root/tools/vep/vep --input_file /root/dev/portfolio_projects/variant_annotation_pipeline/results/run_2026_04_17_082417/interim/HG002_run_2026_04_17_082417.normalized_variants.vcf --output_file /root/dev/portfolio_projects/variant_annotation_pipeline/results/run_2026_04_17_082417/processed/HG002_run_2026_04_17_082417.annotated_variants.vcf --format vcf --vcf --force_overwrite --species homo_sapiens --assembly GRCh38 --cache --offline --dir_cache /root/.vep --symbol --biotype --transcript_version --canonical --mane --variant_class --pick --pick_order canonical,appris,tsl,biotype,rank,ccds,length --fork 4 --clin_sig_allele --af --af_1kg --af_gnomad --max_af
[LOGGER][INFO] VEP annotation stderr: ERROR: Unexpected extra command-line parameter(s): --clin_sig_allele at /root/tools/vep/vep line 30.
Traceback (most recent call last):
  File "<stdin>", line 81, in <module>
  File "/root/dev/portfolio_projects/variant_annotation_pipeline/pipeline/stage_07_annotate_variants.py", line 616, in run_stage
    _run_command(
  File "/root/dev/portfolio_projects/variant_annotation_pipeline/pipeline/stage_07_annotate_variants.py", line 59, in _run_command
    raise RuntimeError(f"{label} failed with exit code {result.returncode}")
RuntimeError: VEP annotation failed with exit code 255
