[INFO] Mark VEP download helper started at Wed Apr 22 03:11:33 PM EDT 2026
[INFO] Log file: /root/Desktop/mark_download_vep_archive_20260422_151133.log
[INFO] VEP_URL: https://github.com/Ensembl/ensembl-vep/archive/refs/tags/release/115.0.tar.gz
[INFO] Target archive path: /root/Desktop/ensembl-vep-release-115.0.tar.gz

=== CLEANUP OLD FILE IF PRESENT ===

=== DOWNLOAD (STRICT MODE) ===
[CMD] curl -fL -o /root/Desktop/ensembl-vep-release-115.0.tar.gz https://github.com/Ensembl/ensembl-vep/archive/refs/tags/release/115.0.tar.gz
  % Total    % Received % Xferd  Average Speed   Time    Time     Time  Current
                                 Dload  Upload   Total   Spent    Left  Speed
  0     0    0     0    0     0      0      0 --:--:-- --:--:-- --:--:--     0  0     0    0     0    0     0      0      0 --:--:-- --:--:-- --:--:--     0  0     0    0     0    0     0      0      0 --:--:-- --:--:-- --:--:--     0
100 3377k    0 3377k    0     0  2959k      0 --:--:--  0:00:01 --:--:-- 2959k100 10.8M    0 10.8M    0     0  5091k      0 --:--:--  0:00:02 --:--:-- 7450k100 13.2M    0 13.2M    0     0  4365k      0 --:--:--  0:00:03 --:--:-- 5178k100 16.1M    0 16.1M    0     0  3955k      0 --:--:--  0:00:04 --:--:-- 4330k100 18.6M    0 18.6M    0     0  3708k      0 --:--:--  0:00:05 --:--:-- 3921k100 21.2M    0 21.2M    0     0  3521k      0 --:--:--  0:00:06 --:--:-- 3648k100 38.2M    0 38.2M    0     0  5446k      0 --:--:--  0:00:07 --:--:-- 5600k100 40.8M    0 40.8M    0     0  5150k      0 --:--:--  0:00:08 --:--:-- 5640k100 43.6M    0 43.6M    0     0  4862k      0 --:--:--  0:00:09 --:--:-- 5618k100 46.1M    0 46.1M    0     0  4661k      0 --:--:--  0:00:10 --:--:-- 5644k100 48.8M    0 48.8M    0     0  4473k      0 --:--:--  0:00:11 --:--:-- 5651k100 51.3M    0 51.3M    0     0  4328k      0 --:--:--  0:00:12 --:--:-- 2705k100 53.8M    0 53.8M    0     0  4209k      0 --:--:--  0:00:13 --:--:-- 2678k100 56.5M    0 56.5M    0     0  4094k      0 --:--:--  0:00:14 --:--:-- 2672k100 59.0M    0 59.0M    0     0  3999k      0 --:--:--  0:00:15 --:--:-- 2654k100 60.4M    0 60.4M    0     0  3977k      0 --:--:--  0:00:15 --:--:-- 2712k

=== VERIFY SIZE ===
-rw-r--r-- 1 root root 61M Apr 22 15:11 /root/Desktop/ensembl-vep-release-115.0.tar.gz

[INFO] FILE_SIZE_BYTES=63404122

=== VERIFY ARCHIVE CONTENT ===
ensembl-vep-release-115.0/
ensembl-vep-release-115.0/.github/
ensembl-vep-release-115.0/.github/ISSUE_TEMPLATE/
ensembl-vep-release-115.0/.github/ISSUE_TEMPLATE/issue-report.md
ensembl-vep-release-115.0/.github/workflows/
ensembl-vep-release-115.0/.github/workflows/docker.yml
ensembl-vep-release-115.0/.github/workflows/merge-branches.yml
ensembl-vep-release-115.0/.travis.yml
ensembl-vep-release-115.0/INSTALL.pl
ensembl-vep-release-115.0/LICENSE
