[INFO] Mark VEP install-from-archive test started at Wed Apr 22 04:06:13 PM EDT 2026
[INFO] Log file: /root/Desktop/mark_install_vep_from_archive_20260422_160613.log
[INFO] Initial working directory: /root/Desktop
[INFO] Target repo root: /root/dev/portfolio_projects/variant_annotation_pipeline
[INFO] VEP_ARCHIVE=/root/Desktop/ensembl-vep-release-115.0.tar.gz

[STEP] Changing into VAP repo root
[INFO] Current working directory: /root/dev/portfolio_projects/variant_annotation_pipeline

[STEP] Activating VAP .venv
[INFO] Venv activated.

=== PRECHECKS ===
[CMD] ls -lah /root/Desktop/ensembl-vep-release-115.0.tar.gz
-rw-r--r-- 1 root root 61M Apr 22 15:11 /root/Desktop/ensembl-vep-release-115.0.tar.gz

=== BEFORE PROVISION ===
[CMD] TARGET_ENV=mark MODE=status bash scripts/tools/setup_pipeline_tools.sh
[INFO] TARGET_ENV: mark
[INFO] MODE: status
[INFO] TOOLS_BASE: /root/tools
[INFO] GATK_DIR: /root/tools/gatk
[INFO] GATK_EXECUTABLE: /root/tools/gatk/gatk
[INFO] GATK_LEGACY_DIR: /root/tools/gatk-4.6.2.0
[INFO] VEP_DIR: /root/tools/vep
[INFO] VEP_EXECUTABLE: <unset>
[INFO] VEP_SOURCE_ARCHIVE: <unset>
[INFO] ANNOVAR_DIR: /root/tools/annovar
[INFO] ANNOVAR_EXECUTABLE: /root/tools/annovar/table_annovar.pl
[INFO] ANNOVAR_SOURCE_ARCHIVE: <unset>
[INFO] ANNOVAR_SOURCE_DIR: <unset>
[INFO] Found tool on PATH: perl -> /usr/bin/perl
[INFO] Found GATK executable: /root/tools/gatk/gatk
[WARN] Tool not found on PATH: vep
[WARN] ANNOVAR executable path does not exist: /root/tools/annovar/table_annovar.pl
[INFO] Tools base directory exists and is non-empty.
[INFO] GATK directory exists and is non-empty.
[WARN] VEP directory exists but is empty.
[WARN] ANNOVAR directory exists but is empty.

=== RUN VEP PROVISION THROUGH REPO SCRIPT ===
[CMD] TARGET_ENV=mark MODE=provision VEP_SOURCE_ARCHIVE=/root/Desktop/ensembl-vep-release-115.0.tar.gz bash scripts/tools/setup_pipeline_tools.sh
[INFO] TARGET_ENV: mark
[INFO] MODE: provision
[INFO] TOOLS_BASE: /root/tools
[INFO] GATK_DIR: /root/tools/gatk
[INFO] GATK_EXECUTABLE: /root/tools/gatk/gatk
[INFO] GATK_LEGACY_DIR: /root/tools/gatk-4.6.2.0
[INFO] VEP_DIR: /root/tools/vep
[INFO] VEP_EXECUTABLE: <unset>
[INFO] VEP_SOURCE_ARCHIVE: /root/Desktop/ensembl-vep-release-115.0.tar.gz
[INFO] ANNOVAR_DIR: /root/tools/annovar
[INFO] ANNOVAR_EXECUTABLE: /root/tools/annovar/table_annovar.pl
[INFO] ANNOVAR_SOURCE_ARCHIVE: <unset>
[INFO] ANNOVAR_SOURCE_DIR: <unset>
[INFO] Found tool on PATH: perl -> /usr/bin/perl
[INFO] Found GATK executable: /root/tools/gatk/gatk
[WARN] Tool not found on PATH: vep
[WARN] ANNOVAR executable path does not exist: /root/tools/annovar/table_annovar.pl
[INFO] Tools base directory exists and is non-empty.
[INFO] GATK directory exists and is non-empty.
[WARN] VEP directory exists but is empty.
[WARN] ANNOVAR directory exists but is empty.
[INFO] Provision mode selected.
[INFO] Tools base directory already exists: /root/tools
[INFO] GATK directory already exists: /root/tools/gatk
[INFO] VEP directory already exists: /root/tools/vep
[INFO] ANNOVAR directory already exists: /root/tools/annovar
[INFO] Canonical GATK executable already present: /root/tools/gatk/gatk
[INFO] Found GATK executable: /root/tools/gatk/gatk
[WARN] Tool not found on PATH: vep
[INFO] VEP target directory already exists: /root/tools/vep
[INFO] Extracting VEP archive (.tar.gz) into /root/tools/vep
[INFO] Created canonical VEP symlink: /root/tools/vep/vep -> /root/tools/vep/ensembl-vep-release-115.0/vep
[WARN] ANNOVAR executable path does not exist: /root/tools/annovar/table_annovar.pl
[WARN] ANNOVAR source archive/directory not provided; skipping ANNOVAR install.
[INFO] Found GATK executable: /root/tools/gatk/gatk
[WARN] Tool not found on PATH: vep
[WARN] ANNOVAR executable path does not exist: /root/tools/annovar/table_annovar.pl
[INFO] Tools base directory exists and is non-empty.
[INFO] GATK directory exists and is non-empty.
[INFO] VEP directory exists and is non-empty.
[WARN] ANNOVAR directory exists but is empty.
[WARN] VEP executable provisioning not yet complete.
[WARN] ANNOVAR executable provisioning not yet complete.
[INFO] Provision step completed.

=== AFTER PROVISION ===
[CMD] TARGET_ENV=mark MODE=status bash scripts/tools/setup_pipeline_tools.sh
[INFO] TARGET_ENV: mark
[INFO] MODE: status
[INFO] TOOLS_BASE: /root/tools
[INFO] GATK_DIR: /root/tools/gatk
[INFO] GATK_EXECUTABLE: /root/tools/gatk/gatk
[INFO] GATK_LEGACY_DIR: /root/tools/gatk-4.6.2.0
[INFO] VEP_DIR: /root/tools/vep
[INFO] VEP_EXECUTABLE: <unset>
[INFO] VEP_SOURCE_ARCHIVE: <unset>
[INFO] ANNOVAR_DIR: /root/tools/annovar
[INFO] ANNOVAR_EXECUTABLE: /root/tools/annovar/table_annovar.pl
[INFO] ANNOVAR_SOURCE_ARCHIVE: <unset>
[INFO] ANNOVAR_SOURCE_DIR: <unset>
[INFO] Found tool on PATH: perl -> /usr/bin/perl
[INFO] Found GATK executable: /root/tools/gatk/gatk
[WARN] Tool not found on PATH: vep
[WARN] ANNOVAR executable path does not exist: /root/tools/annovar/table_annovar.pl
[INFO] Tools base directory exists and is non-empty.
[INFO] GATK directory exists and is non-empty.
[INFO] VEP directory exists and is non-empty.
[WARN] ANNOVAR directory exists but is empty.

=== POST-RUN VEP LAYOUT ===
[CMD] tree -L 4 /root/tools/vep
/root/tools/vep
в”њв”Ђв”Ђ ensembl-vep-release-115.0
в”‚В В  в”њв”Ђв”Ђ convert_cache.pl
в”‚В В  в”њв”Ђв”Ђ cpanfile
в”‚В В  в”њв”Ђв”Ђ docker
в”‚В В  в”‚В В  в”њв”Ђв”Ђ Dockerfile
в”‚В В  в”‚В В  в””в”Ђв”Ђ Dockerfile.dockerignore
в”‚В В  в”њв”Ђв”Ђ examples
в”‚В В  в”‚В В  в”њв”Ђв”Ђ arabidopsis_thaliana.TAIR10.vcf
в”‚В В  в”‚В В  в”њв”Ђв”Ђ bos_taurus_UMD3.1.vcf
в”‚В В  в”‚В В  в”њв”Ђв”Ђ canis_familiaris_CanFam3.1.vcf
в”‚В В  в”‚В В  в”њв”Ђв”Ђ danio_rerio_GRCz10.vcf
в”‚В В  в”‚В В  в”њв”Ђв”Ђ drosophila_melanogaster_BDGP6.vcf
в”‚В В  в”‚В В  в”њв”Ђв”Ђ homo_sapiens_GRCh37.vcf
в”‚В В  в”‚В В  в”њв”Ђв”Ђ homo_sapiens_GRCh38.vcf
в”‚В В  в”‚В В  в”њв”Ђв”Ђ mus_musculus_GRCm38.vcf
в”‚В В  в”‚В В  в”њв”Ђв”Ђ rattus_norvegicus_Rnor_6.0.vcf
в”‚В В  в”‚В В  в””в”Ђв”Ђ sus_scrofa_Sscrofa10.2.vcf
в”‚В В  в”њв”Ђв”Ђ filter_vep
в”‚В В  в”њв”Ђв”Ђ haplo
в”‚В В  в”њв”Ђв”Ђ INSTALL.pl
в”‚В В  в”њв”Ђв”Ђ LICENSE
в”‚В В  в”њв”Ђв”Ђ main.nf
в”‚В В  в”њв”Ђв”Ђ modules
в”‚В В  в”‚В В  в””в”Ђв”Ђ Bio
в”‚В В  в”‚В В      в””в”Ђв”Ђ EnsEMBL
в”‚В В  в”њв”Ђв”Ђ nextflow
в”‚В В  в”‚В В  в”њв”Ђв”Ђ examples
в”‚В В  в”‚В В  в”‚В В  в””в”Ђв”Ђ clinvar-testset
в”‚В В  в”‚В В  в”њв”Ђв”Ђ main.nf
в”‚В В  в”‚В В  в”њв”Ђв”Ђ modules
в”‚В В  в”‚В В  в”‚В В  в”њв”Ђв”Ђ check_VCF.nf
в”‚В В  в”‚В В  в”‚В В  в”њв”Ђв”Ђ generate_splits.nf
в”‚В В  в”‚В В  в”‚В В  в”њв”Ђв”Ђ merge_VCF.nf
в”‚В В  в”‚В В  в”‚В В  в”њв”Ђв”Ђ run_vep.nf
в”‚В В  в”‚В В  в”‚В В  в””в”Ђв”Ђ split_VCF.nf
в”‚В В  в”‚В В  в”њв”Ђв”Ђ nextflow.config
в”‚В В  в”‚В В  в”њв”Ђв”Ђ nextflow_schema.json
в”‚В В  в”‚В В  в”њв”Ђв”Ђ README.md
в”‚В В  в”‚В В  в”њв”Ђв”Ђ vep_config
в”‚В В  в”‚В В  в”‚В В  в”њв”Ђв”Ђ README
в”‚В В  в”‚В В  в”‚В В  в””в”Ђв”Ђ vep.ini.template
в”‚В В  в”‚В В  в””в”Ђв”Ђ workflows
в”‚В В  в”‚В В      в””в”Ђв”Ђ run_vep.nf
в”‚В В  в”њв”Ђв”Ђ nextflow.config
в”‚В В  в”њв”Ђв”Ђ README.md
в”‚В В  в”њв”Ђв”Ђ t
в”‚В В  в”‚В В  в”њв”Ђв”Ђ AnnotationSourceAdaptor.t
в”‚В В  в”‚В В  в”њв”Ђв”Ђ AnnotationSource_Cache_RegFeat.t
в”‚В В  в”‚В В  в”њв”Ђв”Ђ AnnotationSource_Cache.t
в”‚В В  в”‚В В  в”њв”Ђв”Ђ AnnotationSource_Cache_Transcript.t
в”‚В В  в”‚В В  в”њв”Ђв”Ђ AnnotationSource_Cache_Variation.t
в”‚В В  в”‚В В  в”њв”Ђв”Ђ AnnotationSource_Cache_VariationTabix.t
в”‚В В  в”‚В В  в”њв”Ђв”Ђ AnnotationSource_Database_RegFeat.t
в”‚В В  в”‚В В  в”њв”Ђв”Ђ AnnotationSource_Database_StructuralVariation.t
в”‚В В  в”‚В В  в”њв”Ђв”Ђ AnnotationSource_Database_Transcript.t
в”‚В В  в”‚В В  в”њв”Ђв”Ђ AnnotationSource_Database_Variation.t
в”‚В В  в”‚В В  в”њв”Ђв”Ђ AnnotationSource_File_BED.t
в”‚В В  в”‚В В  в”њв”Ђв”Ђ AnnotationSource_File_BigWig.t
в”‚В В  в”‚В В  в”њв”Ђв”Ђ AnnotationSource_File_GFF.t
в”‚В В  в”‚В В  в”њв”Ђв”Ђ AnnotationSource_File_GTF.t
в”‚В В  в”‚В В  в”њв”Ђв”Ђ AnnotationSource_File.t
в”‚В В  в”‚В В  в”њв”Ђв”Ђ AnnotationSource_File_VCF.t
в”‚В В  в”‚В В  в”њв”Ђв”Ђ AnnotationSource.t
в”‚В В  в”‚В В  в”њв”Ђв”Ђ bam_edit.t
в”‚В В  в”‚В В  в”њв”Ђв”Ђ BaseVEP.t
в”‚В В  в”‚В В  в”њв”Ђв”Ђ CacheDir.t
в”‚В В  в”‚В В  в”њв”Ђв”Ђ Config.t
в”‚В В  в”‚В В  в”њв”Ђв”Ђ FilterSet.t
в”‚В В  в”‚В В  в”њв”Ђв”Ђ Haplo_AnnotationSource_Cache_Transcript.t
в”‚В В  в”‚В В  в”њв”Ђв”Ђ Haplo_AnnotationSource_Database_Transcript.t
в”‚В В  в”‚В В  в”њв”Ђв”Ђ Haplo_AnnotationSource_File_GFF.t
в”‚В В  в”‚В В  в”њв”Ђв”Ђ Haplo_AnnotationSource_File_GTF.t
в”‚В В  в”‚В В  в”њв”Ђв”Ђ Haplo_InputBuffer.t
в”‚В В  в”‚В В  в”њв”Ђв”Ђ Haplo_Parser_VCF.t
в”‚В В  в”‚В В  в”њв”Ђв”Ђ Haplo_Runner.t
в”‚В В  в”‚В В  в”њв”Ђв”Ђ InputBuffer.t
в”‚В В  в”‚В В  в”њв”Ђв”Ђ MultiTestDB.conf.default
в”‚В В  в”‚В В  в”њв”Ђв”Ђ MultiTestDB.conf.example
в”‚В В  в”‚В В  в”њв”Ђв”Ђ OutputFactory_JSON.t
в”‚В В  в”‚В В  в”њв”Ђв”Ђ OutputFactory.t
в”‚В В  в”‚В В  в”њв”Ђв”Ђ OutputFactory_Tab.t
в”‚В В  в”‚В В  в”њв”Ђв”Ђ OutputFactory_VCF.t
в”‚В В  в”‚В В  в”њв”Ђв”Ђ OutputFactory_VEP_output.t
в”‚В В  в”‚В В  в”њв”Ђв”Ђ Parser_CAID.t
в”‚В В  в”‚В В  в”њв”Ђв”Ђ Parser_HGVS.t
в”‚В В  в”‚В В  в”њв”Ђв”Ђ Parser_ID.t
в”‚В В  в”‚В В  в”њв”Ђв”Ђ Parser_Region.t
в”‚В В  в”‚В В  в”њв”Ђв”Ђ Parser_SPDI.t
в”‚В В  в”‚В В  в”њв”Ђв”Ђ Parser.t
в”‚В В  в”‚В В  в”њв”Ђв”Ђ Parser_VCF.t
в”‚В В  в”‚В В  в”њв”Ђв”Ђ Parser_VEP_input.t
в”‚В В  в”‚В В  в”њв”Ђв”Ђ README
в”‚В В  в”‚В В  в”њв”Ђв”Ђ Runner.t
в”‚В В  в”‚В В  в”њв”Ђв”Ђ Stats.t
в”‚В В  в”‚В В  в”њв”Ђв”Ђ test_core_region_config.json
в”‚В В  в”‚В В  в”њв”Ђв”Ђ test_core_region_mouse_config.json
в”‚В В  в”‚В В  в”њв”Ђв”Ђ testdata
в”‚В В  в”‚В В  в”‚В В  в”њв”Ђв”Ђ cache
в”‚В В  в”‚В В  в”‚В В  в”њв”Ђв”Ђ chr_synonyms.txt
в”‚В В  в”‚В В  в”‚В В  в”њв”Ђв”Ђ custom
в”‚В В  в”‚В В  в”‚В В  в”њв”Ђв”Ђ fasta
в”‚В В  в”‚В В  в”‚В В  в”њв”Ђв”Ђ filter
в”‚В В  в”‚В В  в”‚В В  в”њв”Ђв”Ђ haplotype_frequencies_nh.txt
в”‚В В  в”‚В В  в”‚В В  в”њв”Ђв”Ђ haplotype_frequencies.txt
в”‚В В  в”‚В В  в”‚В В  в”њв”Ђв”Ђ input
в”‚В В  в”‚В В  в”‚В В  в”њв”Ђв”Ђ vep.ini
в”‚В В  в”‚В В  в”‚В В  в”њв”Ђв”Ђ vep.registry
в”‚В В  в”‚В В  в”‚В В  в””в”Ђв”Ђ version
в”‚В В  в”‚В В  в”њв”Ђв”Ђ test-genome-DBs
в”‚В В  в”‚В В  в”‚В В  в”њв”Ђв”Ђ homo_vepiens
в”‚В В  в”‚В В  в”‚В В  в”њв”Ђв”Ђ homo_vepiens_coreonly
в”‚В В  в”‚В В  в”‚В В  в”њв”Ђв”Ђ multi
в”‚В В  в”‚В В  в”‚В В  в””в”Ђв”Ђ mus_muscuvep
в”‚В В  в”‚В В  в”њв”Ђв”Ђ test_otherfeatures_region_config.json
в”‚В В  в”‚В В  в”њв”Ђв”Ђ TestPluginCache.pm
в”‚В В  в”‚В В  в”њв”Ђв”Ђ TestPluginNewFails.pm
в”‚В В  в”‚В В  в”њв”Ђв”Ђ TestPluginNoCompile.pm
в”‚В В  в”‚В В  в”њв”Ђв”Ђ TestPluginNoMethods.pm
в”‚В В  в”‚В В  в”њв”Ђв”Ђ TestPlugin.pm
в”‚В В  в”‚В В  в”њв”Ђв”Ђ TestPluginRegFeat.pm
в”‚В В  в”‚В В  в”њв”Ђв”Ђ TestPluginRunFails.pm
в”‚В В  в”‚В В  в”њв”Ђв”Ђ TranscriptTree.t
в”‚В В  в”‚В В  в”њв”Ђв”Ђ translation_md5s.txt
в”‚В В  в”‚В В  в”њв”Ђв”Ђ Utils.t
в”‚В В  в”‚В В  в”њв”Ђв”Ђ VariantRecoder.t
в”‚В В  в”‚В В  в”њв”Ђв”Ђ VEPTestingConfig.pm
в”‚В В  в”‚В В  в””в”Ђв”Ђ version.t
в”‚В В  в”њв”Ђв”Ђ travisci
в”‚В В  в”‚В В  в”њв”Ђв”Ђ api_build_run_last_hour.py
в”‚В В  в”‚В В  в”њв”Ђв”Ђ build_c.sh
в”‚В В  в”‚В В  в”њв”Ђв”Ђ get_dependencies.sh
в”‚В В  в”‚В В  в”њв”Ђв”Ђ harness.sh
в”‚В В  в”‚В В  в”њв”Ђв”Ђ install_dependencies.sh
в”‚В В  в”‚В В  в”њв”Ђв”Ђ install_mysql.sh
в”‚В В  в”‚В В  в”њв”Ђв”Ђ MultiTestDB.conf.travisci
в”‚В В  в”‚В В  в””в”Ђв”Ђ trigger-dependent-build.sh
в”‚В В  в”њв”Ђв”Ђ validator
в”‚В В  в”‚В В  в”њв”Ђв”Ђ test_vep_input_validator.py
в”‚В В  в”‚В В  в””в”Ђв”Ђ vep_input_format_validator.py
в”‚В В  в”њв”Ђв”Ђ variant_recoder
в”‚В В  в””в”Ђв”Ђ vep
в””в”Ђв”Ђ vep -> /root/tools/vep/ensembl-vep-release-115.0/vep

28 directories, 115 files

[CMD] find /root/tools/vep -maxdepth 6 -name vep -type f
/root/tools/vep/ensembl-vep-release-115.0/vep

[CMD] ls -lah /root/tools/vep/vep
lrwxrwxrwx 1 root root 45 Apr 22 16:06 /root/tools/vep/vep -> /root/tools/vep/ensembl-vep-release-115.0/vep

[CMD] file /root/tools/vep/vep
/root/tools/vep/vep: symbolic link to /root/tools/vep/ensembl-vep-release-115.0/vep

[CMD] /root/tools/vep/vep --help | head
Can't locate Bio/EnsEMBL/Registry.pm in @INC (you may need to install the Bio::EnsEMBL::Registry module) (@INC contains: /root/tools/vep/ensembl-vep-release-115.0/modules /root/tools/vep/ensembl-vep-release-115.0 /etc/perl /usr/local/lib/x86_64-linux-gnu/perl/5.36.0 /usr/local/share/perl/5.36.0 /usr/lib/x86_64-linux-gnu/perl5/5.36 /usr/share/perl5 /usr/lib/x86_64-linux-gnu/perl-base /usr/lib/x86_64-linux-gnu/perl/5.36 /usr/share/perl/5.36 /usr/local/lib/site_perl) at /root/tools/vep/ensembl-vep-release-115.0/modules/Bio/EnsEMBL/VEP/BaseVEP.pm line 58.
BEGIN failed--compilation aborted at /root/tools/vep/ensembl-vep-release-115.0/modules/Bio/EnsEMBL/VEP/BaseVEP.pm line 58.
Compilation failed in require at /usr/lib/x86_64-linux-gnu/perl-base/base.pm line 135.
	...propagated at /usr/lib/x86_64-linux-gnu/perl-base/base.pm line 157.
BEGIN failed--compilation aborted at /root/tools/vep/ensembl-vep-release-115.0/modules/Bio/EnsEMBL/VEP/BaseRunner.pm line 56.
Compilation failed in require at /usr/lib/x86_64-linux-gnu/perl-base/base.pm line 135.
	...propagated at /usr/lib/x86_64-linux-gnu/perl-base/base.pm line 157.
BEGIN failed--compilation aborted at /root/tools/vep/ensembl-vep-release-115.0/modules/Bio/EnsEMBL/VEP/Runner.pm line 71.
Compilation failed in require at /root/tools/vep/vep line 20.
BEGIN failed--compilation aborted at /root/tools/vep/vep line 20.

[INFO] Mark VEP install-from-archive test completed at Wed Apr 22 04:06:15 PM EDT 2026
[INFO] Log file saved to: /root/Desktop/mark_install_vep_from_archive_20260422_160613.log
