[INFO] Mark VEP clean reinstall started at Wed Apr 22 08:38:15 PM EDT 2026
[INFO] Log file: /root/Desktop/mark_clean_reinstall_vep_20260422_203815.log
[INFO] Repo root: /root/dev/portfolio_projects/variant_annotation_pipeline
[INFO] VEP root: /root/tools/vep/ensembl-vep-release-115.2

=== REMOVE PARTIAL INSTALL ===
[CMD] rm -rf /root/tools/vep/ensembl-vep-release-115.2/Bio

=== VERIFY CLEAN STATE ===
[CMD] ls -lah /root/tools/vep/ensembl-vep-release-115.2 | grep Bio

=== RUN INSTALL.PL CLEAN ===
[CMD] printf 'n\n' | perl INSTALL.pl --NO_TEST
WARNING: DBD::mysql module not found. VEP can only run in offline (--offline) mode without DBD::mysql installed

http://www.ensembl.org/info/docs/tools/vep/script/vep_download.html#requirements
Hello! This installer will help you set up VEP v115, including:
 - Install v115 of the Ensembl API for use by the VEP. It will not affect any existing installations of the Ensembl API that you may have.
 - Download and install cache files from Ensembl's FTP server.
 - Download FASTA files from Ensembl's FTP server.
 - Download VEP plugins.

Checking for installed versions of the Ensembl API...done

Setting up directories
 - fetching BioPerl
 - unpacking ./Bio/tmp/release-1-6-924.zip
 - moving files
Attempting to install Bio::DB::HTS and htslib.

>>> If this fails, try re-running with --NO_HTSLIB

 - checking out HTSLib
Cloning into 'htslib'...
Note: switching to '1832d3a1b75133e55fb6abffc3f50f8a6ed5ceae'.

You are in 'detached HEAD' state. You can look around, make experimental
changes and commit them, and you can discard any commits you make in this
state without impacting any branches by switching back to a branch.

If you want to create a new branch to retain commits you create, you may
do so (now or later) by using -c with the switch command. Example:

  git switch -c <new-branch-name>

Or undo this operation with:

  git switch -

Turn off this advice by setting config variable advice.detachedHead to false

 - building HTSLIB in ./htslib
In /root/tools/vep/ensembl-vep-release-115.2/htslib
echo '/* Default config.h generated by Makefile */' > config.h
echo '#define HAVE_LIBBZ2 1' >> config.h
echo '#define HAVE_LIBLZMA 1' >> config.h
echo '#define HAVE_LZMA_H 1' >> config.h
echo '#define HAVE_FSEEKO 1' >> config.h
echo '#define HAVE_DRAND48 1' >> config.h
gcc -g -Wall -O2 -fPIC -Wno-unused -Wno-unused-result -I.  -c -o kfunc.o kfunc.c
gcc -g -Wall -O2 -fPIC -Wno-unused -Wno-unused-result -I.  -c -o knetfile.o knetfile.c
gcc -g -Wall -O2 -fPIC -Wno-unused -Wno-unused-result -I.  -c -o kstring.o kstring.c
gcc -g -Wall -O2 -fPIC -Wno-unused -Wno-unused-result -I.  -c -o bcf_sr_sort.o bcf_sr_sort.c
gcc -g -Wall -O2 -fPIC -Wno-unused -Wno-unused-result -I.  -c -o bgzf.o bgzf.c
gcc -g -Wall -O2 -fPIC -Wno-unused -Wno-unused-result -I.  -c -o errmod.o errmod.c
gcc -g -Wall -O2 -fPIC -Wno-unused -Wno-unused-result -I.  -c -o faidx.o faidx.c
gcc -g -Wall -O2 -fPIC -Wno-unused -Wno-unused-result -I.  -c -o hfile.o hfile.c
gcc -g -Wall -O2 -fPIC -Wno-unused -Wno-unused-result -I.  -c -o hfile_net.o hfile_net.c
echo '#define HTS_VERSION "1.9-dirty"' > version.h
gcc -g -Wall -O2 -fPIC -Wno-unused -Wno-unused-result -I.  -c -o hts.o hts.c
hts.c: In function ‘hts_idx_init’:
hts.c:1386:59: warning: overflow in conversion from ‘uint32_t’ {aka ‘unsigned int’} to ‘int’ changes value from ‘idx->z.last_bin = 4294967295’ to ‘-1’ [-Woverflow]
 1386 |     idx->z.save_bin = idx->z.save_tid = idx->z.last_tid = idx->z.last_bin = 0xffffffffu;
      |                                                           ^~~
gcc -g -Wall -O2 -fPIC -Wno-unused -Wno-unused-result -I.  -c -o hts_os.o hts_os.c
gcc -g -Wall -O2 -fPIC -Wno-unused -Wno-unused-result -I.  -c -o md5.o md5.c
gcc -g -Wall -O2 -fPIC -Wno-unused -Wno-unused-result -I.  -c -o multipart.o multipart.c
gcc -g -Wall -O2 -fPIC -Wno-unused -Wno-unused-result -I.  -c -o probaln.o probaln.c
gcc -g -Wall -O2 -fPIC -Wno-unused -Wno-unused-result -I.  -c -o realn.o realn.c
gcc -g -Wall -O2 -fPIC -Wno-unused -Wno-unused-result -I.  -c -o regidx.o regidx.c
gcc -g -Wall -O2 -fPIC -Wno-unused -Wno-unused-result -I.  -c -o sam.o sam.c
gcc -g -Wall -O2 -fPIC -Wno-unused -Wno-unused-result -I.  -c -o synced_bcf_reader.o synced_bcf_reader.c
gcc -g -Wall -O2 -fPIC -Wno-unused -Wno-unused-result -I.  -c -o vcf_sweep.o vcf_sweep.c
gcc -g -Wall -O2 -fPIC -Wno-unused -Wno-unused-result -I.  -c -o tbx.o tbx.c
gcc -g -Wall -O2 -fPIC -Wno-unused -Wno-unused-result -I.  -c -o textutils.o textutils.c
gcc -g -Wall -O2 -fPIC -Wno-unused -Wno-unused-result -I.  -c -o thread_pool.o thread_pool.c
gcc -g -Wall -O2 -fPIC -Wno-unused -Wno-unused-result -I.  -c -o vcf.o vcf.c
gcc -g -Wall -O2 -fPIC -Wno-unused -Wno-unused-result -I.  -c -o vcfutils.o vcfutils.c
gcc -g -Wall -O2 -fPIC -Wno-unused -Wno-unused-result -I.  -c -o cram/cram_codecs.o cram/cram_codecs.c
gcc -g -Wall -O2 -fPIC -Wno-unused -Wno-unused-result -I.  -c -o cram/cram_decode.o cram/cram_decode.c
gcc -g -Wall -O2 -fPIC -Wno-unused -Wno-unused-result -I.  -c -o cram/cram_encode.o cram/cram_encode.c
gcc -g -Wall -O2 -fPIC -Wno-unused -Wno-unused-result -I.  -c -o cram/cram_external.o cram/cram_external.c
gcc -g -Wall -O2 -fPIC -Wno-unused -Wno-unused-result -I.  -c -o cram/cram_index.o cram/cram_index.c
gcc -g -Wall -O2 -fPIC -Wno-unused -Wno-unused-result -I.  -c -o cram/cram_io.o cram/cram_io.c
cram/cram_io.c: In function ‘cram_populate_ref’:
cram/cram_io.c:2095:9: warning: ‘strncpy’ specified bound 4096 equals destination size [-Wstringop-truncation]
 2095 |         strncpy(path, path2, PATH_MAX);
      |         ^~~~~~~~~~~~~~~~~~~~~~~~~~~~~~
In function ‘full_path’,
    inlined from ‘cram_write_SAM_hdr’ at cram/cram_io.c:3823:17:
cram/cram_io.c:3748:13: warning: ‘strncpy’ specified bound 4096 equals destination size [-Wstringop-truncation]
 3748 |             strncpy(out, in, PATH_MAX);
      |             ^~~~~~~~~~~~~~~~~~~~~~~~~~
cram/cram_io.c: In function ‘cram_dopen’:
cram/cram_io.c:4126:9: warning: ‘strncpy’ specified bound 20 equals destination size [-Wstringop-truncation]
 4126 |         strncpy(def->file_id, filename, 20);
      |         ^~~~~~~~~~~~~~~~~~~~~~~~~~~~~~~~~~~
gcc -g -Wall -O2 -fPIC -Wno-unused -Wno-unused-result -I.  -c -o cram/cram_samtools.o cram/cram_samtools.c
gcc -g -Wall -O2 -fPIC -Wno-unused -Wno-unused-result -I.  -c -o cram/cram_stats.o cram/cram_stats.c
gcc -g -Wall -O2 -fPIC -Wno-unused -Wno-unused-result -I.  -c -o cram/files.o cram/files.c
gcc -g -Wall -O2 -fPIC -Wno-unused -Wno-unused-result -I.  -c -o cram/mFILE.o cram/mFILE.c
gcc -g -Wall -O2 -fPIC -Wno-unused -Wno-unused-result -I.  -c -o cram/open_trace_file.o cram/open_trace_file.c
gcc -g -Wall -O2 -fPIC -Wno-unused -Wno-unused-result -I.  -c -o cram/pooled_alloc.o cram/pooled_alloc.c
gcc -g -Wall -O2 -fPIC -Wno-unused -Wno-unused-result -I.  -c -o cram/rANS_static.o cram/rANS_static.c
gcc -g -Wall -O2 -fPIC -Wno-unused -Wno-unused-result -I.  -c -o cram/sam_header.o cram/sam_header.c
gcc -g -Wall -O2 -fPIC -Wno-unused -Wno-unused-result -I.  -c -o cram/string_alloc.o cram/string_alloc.c
ar -rc libhts.a kfunc.o knetfile.o kstring.o bcf_sr_sort.o bgzf.o errmod.o faidx.o hfile.o hfile_net.o hts.o hts_os.o md5.o multipart.o probaln.o realn.o regidx.o sam.o synced_bcf_reader.o vcf_sweep.o tbx.o textutils.o thread_pool.o vcf.o vcfutils.o cram/cram_codecs.o cram/cram_decode.o cram/cram_encode.o cram/cram_external.o cram/cram_index.o cram/cram_io.o cram/cram_samtools.o cram/cram_stats.o cram/files.o cram/mFILE.o cram/open_trace_file.o cram/pooled_alloc.o cram/rANS_static.o cram/sam_header.o cram/string_alloc.o
ranlib libhts.a
gcc -g -Wall -O2 -fPIC -Wno-unused -Wno-unused-result -I.  -fpic -c -o kfunc.pico kfunc.c
gcc -g -Wall -O2 -fPIC -Wno-unused -Wno-unused-result -I.  -fpic -c -o knetfile.pico knetfile.c
gcc -g -Wall -O2 -fPIC -Wno-unused -Wno-unused-result -I.  -fpic -c -o kstring.pico kstring.c
gcc -g -Wall -O2 -fPIC -Wno-unused -Wno-unused-result -I.  -fpic -c -o bcf_sr_sort.pico bcf_sr_sort.c
gcc -g -Wall -O2 -fPIC -Wno-unused -Wno-unused-result -I.  -fpic -c -o bgzf.pico bgzf.c
gcc -g -Wall -O2 -fPIC -Wno-unused -Wno-unused-result -I.  -fpic -c -o errmod.pico errmod.c
gcc -g -Wall -O2 -fPIC -Wno-unused -Wno-unused-result -I.  -fpic -c -o faidx.pico faidx.c
gcc -g -Wall -O2 -fPIC -Wno-unused -Wno-unused-result -I.  -fpic -c -o hfile.pico hfile.c
gcc -g -Wall -O2 -fPIC -Wno-unused -Wno-unused-result -I.  -fpic -c -o hfile_net.pico hfile_net.c
gcc -g -Wall -O2 -fPIC -Wno-unused -Wno-unused-result -I.  -fpic -c -o hts.pico hts.c
hts.c: In function ‘hts_idx_init’:
hts.c:1386:59: warning: overflow in conversion from ‘uint32_t’ {aka ‘unsigned int’} to ‘int’ changes value from ‘idx->z.last_bin = 4294967295’ to ‘-1’ [-Woverflow]
 1386 |     idx->z.save_bin = idx->z.save_tid = idx->z.last_tid = idx->z.last_bin = 0xffffffffu;
      |                                                           ^~~
gcc -g -Wall -O2 -fPIC -Wno-unused -Wno-unused-result -I.  -fpic -c -o hts_os.pico hts_os.c
gcc -g -Wall -O2 -fPIC -Wno-unused -Wno-unused-result -I.  -fpic -c -o md5.pico md5.c
gcc -g -Wall -O2 -fPIC -Wno-unused -Wno-unused-result -I.  -fpic -c -o multipart.pico multipart.c
gcc -g -Wall -O2 -fPIC -Wno-unused -Wno-unused-result -I.  -fpic -c -o probaln.pico probaln.c
gcc -g -Wall -O2 -fPIC -Wno-unused -Wno-unused-result -I.  -fpic -c -o realn.pico realn.c
gcc -g -Wall -O2 -fPIC -Wno-unused -Wno-unused-result -I.  -fpic -c -o regidx.pico regidx.c
gcc -g -Wall -O2 -fPIC -Wno-unused -Wno-unused-result -I.  -fpic -c -o sam.pico sam.c
gcc -g -Wall -O2 -fPIC -Wno-unused -Wno-unused-result -I.  -fpic -c -o synced_bcf_reader.pico synced_bcf_reader.c
gcc -g -Wall -O2 -fPIC -Wno-unused -Wno-unused-result -I.  -fpic -c -o vcf_sweep.pico vcf_sweep.c
gcc -g -Wall -O2 -fPIC -Wno-unused -Wno-unused-result -I.  -fpic -c -o tbx.pico tbx.c
gcc -g -Wall -O2 -fPIC -Wno-unused -Wno-unused-result -I.  -fpic -c -o textutils.pico textutils.c
gcc -g -Wall -O2 -fPIC -Wno-unused -Wno-unused-result -I.  -fpic -c -o thread_pool.pico thread_pool.c
gcc -g -Wall -O2 -fPIC -Wno-unused -Wno-unused-result -I.  -fpic -c -o vcf.pico vcf.c
gcc -g -Wall -O2 -fPIC -Wno-unused -Wno-unused-result -I.  -fpic -c -o vcfutils.pico vcfutils.c
gcc -g -Wall -O2 -fPIC -Wno-unused -Wno-unused-result -I.  -fpic -c -o cram/cram_codecs.pico cram/cram_codecs.c
gcc -g -Wall -O2 -fPIC -Wno-unused -Wno-unused-result -I.  -fpic -c -o cram/cram_decode.pico cram/cram_decode.c
gcc -g -Wall -O2 -fPIC -Wno-unused -Wno-unused-result -I.  -fpic -c -o cram/cram_encode.pico cram/cram_encode.c
gcc -g -Wall -O2 -fPIC -Wno-unused -Wno-unused-result -I.  -fpic -c -o cram/cram_external.pico cram/cram_external.c
gcc -g -Wall -O2 -fPIC -Wno-unused -Wno-unused-result -I.  -fpic -c -o cram/cram_index.pico cram/cram_index.c
gcc -g -Wall -O2 -fPIC -Wno-unused -Wno-unused-result -I.  -fpic -c -o cram/cram_io.pico cram/cram_io.c
cram/cram_io.c: In function ‘cram_populate_ref’:
cram/cram_io.c:2095:9: warning: ‘strncpy’ specified bound 4096 equals destination size [-Wstringop-truncation]
 2095 |         strncpy(path, path2, PATH_MAX);
      |         ^~~~~~~~~~~~~~~~~~~~~~~~~~~~~~
In function ‘full_path’,
    inlined from ‘cram_write_SAM_hdr’ at cram/cram_io.c:3823:17:
cram/cram_io.c:3748:13: warning: ‘strncpy’ specified bound 4096 equals destination size [-Wstringop-truncation]
 3748 |             strncpy(out, in, PATH_MAX);
      |             ^~~~~~~~~~~~~~~~~~~~~~~~~~
cram/cram_io.c: In function ‘cram_dopen’:
cram/cram_io.c:4126:9: warning: ‘strncpy’ specified bound 20 equals destination size [-Wstringop-truncation]
 4126 |         strncpy(def->file_id, filename, 20);
      |         ^~~~~~~~~~~~~~~~~~~~~~~~~~~~~~~~~~~
gcc -g -Wall -O2 -fPIC -Wno-unused -Wno-unused-result -I.  -fpic -c -o cram/cram_samtools.pico cram/cram_samtools.c
gcc -g -Wall -O2 -fPIC -Wno-unused -Wno-unused-result -I.  -fpic -c -o cram/cram_stats.pico cram/cram_stats.c
gcc -g -Wall -O2 -fPIC -Wno-unused -Wno-unused-result -I.  -fpic -c -o cram/files.pico cram/files.c
gcc -g -Wall -O2 -fPIC -Wno-unused -Wno-unused-result -I.  -fpic -c -o cram/mFILE.pico cram/mFILE.c
gcc -g -Wall -O2 -fPIC -Wno-unused -Wno-unused-result -I.  -fpic -c -o cram/open_trace_file.pico cram/open_trace_file.c
gcc -g -Wall -O2 -fPIC -Wno-unused -Wno-unused-result -I.  -fpic -c -o cram/pooled_alloc.pico cram/pooled_alloc.c
gcc -g -Wall -O2 -fPIC -Wno-unused -Wno-unused-result -I.  -fpic -c -o cram/rANS_static.pico cram/rANS_static.c
gcc -g -Wall -O2 -fPIC -Wno-unused -Wno-unused-result -I.  -fpic -c -o cram/sam_header.pico cram/sam_header.c
gcc -g -Wall -O2 -fPIC -Wno-unused -Wno-unused-result -I.  -fpic -c -o cram/string_alloc.pico cram/string_alloc.c
gcc -shared -Wl,-soname,libhts.so.2  -o libhts.so kfunc.pico knetfile.pico kstring.pico bcf_sr_sort.pico bgzf.pico errmod.pico faidx.pico hfile.pico hfile_net.pico hts.pico hts_os.pico md5.pico multipart.pico probaln.pico realn.pico regidx.pico sam.pico synced_bcf_reader.pico vcf_sweep.pico tbx.pico textutils.pico thread_pool.pico vcf.pico vcfutils.pico cram/cram_codecs.pico cram/cram_decode.pico cram/cram_encode.pico cram/cram_external.pico cram/cram_index.pico cram/cram_io.pico cram/cram_samtools.pico cram/cram_stats.pico cram/files.pico cram/mFILE.pico cram/open_trace_file.pico cram/pooled_alloc.pico cram/rANS_static.pico cram/sam_header.pico cram/string_alloc.pico -lz -lm -lbz2 -llzma -lpthread
ln -sf libhts.so libhts.so.2
gcc -g -Wall -O2 -fPIC -Wno-unused -Wno-unused-result -I.  -c -o bgzip.o bgzip.c
gcc  -o bgzip bgzip.o libhts.a -lz -lm -lbz2 -llzma -lpthread
gcc -g -Wall -O2 -fPIC -Wno-unused -Wno-unused-result -I.  -c -o htsfile.o htsfile.c
gcc  -o htsfile htsfile.o libhts.a -lz -lm -lbz2 -llzma -lpthread
gcc -g -Wall -O2 -fPIC -Wno-unused -Wno-unused-result -I.  -c -o tabix.o tabix.c
gcc  -o tabix tabix.o libhts.a -lz -lm -lbz2 -llzma -lpthread
gcc -g -Wall -O2 -fPIC -Wno-unused -Wno-unused-result -I.  -c -o test/hts_endian.o test/hts_endian.c
gcc  -o test/hts_endian test/hts_endian.o -lz -lm -lbz2 -llzma
gcc -g -Wall -O2 -fPIC -Wno-unused -Wno-unused-result -I.  -c -o test/fieldarith.o test/fieldarith.c
gcc  -o test/fieldarith test/fieldarith.o libhts.a -lz -lm -lbz2 -llzma -lpthread
gcc -g -Wall -O2 -fPIC -Wno-unused -Wno-unused-result -I.  -c -o test/hfile.o test/hfile.c
gcc  -o test/hfile test/hfile.o libhts.a -lz -lm -lbz2 -llzma -lpthread
gcc -g -Wall -O2 -fPIC -Wno-unused -Wno-unused-result -I.  -c -o test/sam.o test/sam.c
gcc  -o test/sam test/sam.o libhts.a -lz -lm -lbz2 -llzma -lpthread
gcc -g -Wall -O2 -fPIC -Wno-unused -Wno-unused-result -I.  -c -o test/test_bgzf.o test/test_bgzf.c
gcc  -o test/test_bgzf test/test_bgzf.o libhts.a -lz -lz -lm -lbz2 -llzma -lpthread
gcc -g -Wall -O2 -fPIC -Wno-unused -Wno-unused-result -I.  -c -o test/test_realn.o test/test_realn.c
gcc  -o test/test_realn test/test_realn.o libhts.a -lz -lm -lbz2 -llzma -lpthread
gcc -g -Wall -O2 -fPIC -Wno-unused -Wno-unused-result -I.  -c -o test/test-regidx.o test/test-regidx.c
gcc  -o test/test-regidx test/test-regidx.o libhts.a -lz -lm -lbz2 -llzma -lpthread
gcc -g -Wall -O2 -fPIC -Wno-unused -Wno-unused-result -I.  -c -o test/test_view.o test/test_view.c
gcc  -o test/test_view test/test_view.o libhts.a -lz -lm -lbz2 -llzma -lpthread
gcc -g -Wall -O2 -fPIC -Wno-unused -Wno-unused-result -I.  -c -o test/test-vcf-api.o test/test-vcf-api.c
gcc  -o test/test-vcf-api test/test-vcf-api.o libhts.a -lz -lm -lbz2 -llzma -lpthread
gcc -g -Wall -O2 -fPIC -Wno-unused -Wno-unused-result -I.  -c -o test/test-vcf-sweep.o test/test-vcf-sweep.c
gcc  -o test/test-vcf-sweep test/test-vcf-sweep.o libhts.a -lz -lm -lbz2 -llzma -lpthread
gcc -g -Wall -O2 -fPIC -Wno-unused -Wno-unused-result -I.  -c -o test/test-bcf-sr.o test/test-bcf-sr.c
gcc  -o test/test-bcf-sr test/test-bcf-sr.o libhts.a -lz -lz -lm -lbz2 -llzma -lpthread
gcc -g -Wall -O2 -fPIC -Wno-unused -Wno-unused-result -I.  -c -o test/test-bcf-translate.o test/test-bcf-translate.c
gcc  -o test/test-bcf-translate test/test-bcf-translate.o libhts.a -lz -lz -lm -lbz2 -llzma -lpthread
 - unpacking ./Bio/tmp/biodbhts.zip to ./Bio/tmp/
./Bio/tmp/Bio-DB-HTS-2.11 - moving files to ./biodbhts
 - making Bio::DB:HTS
Can't locate Module/Build.pm in @INC (you may need to install the Module::Build module) (@INC contains: ./Bio /etc/perl /usr/local/lib/x86_64-linux-gnu/perl/5.36.0 /usr/local/share/perl/5.36.0 /usr/lib/x86_64-linux-gnu/perl5/5.36 /usr/share/perl5 /usr/lib/x86_64-linux-gnu/perl-base /usr/lib/x86_64-linux-gnu/perl/5.36 /usr/share/perl/5.36 /usr/local/lib/site_perl) at Build.PL line 20.
BEGIN failed--compilation aborted at Build.PL line 20.
ERROR: Shared Bio::DB:HTS library not found

=== VERIFY ENSEMBL API ===
[CMD] perl -MBio::EnsEMBL::Registry -e 'print "OK\n"'
Can't locate Bio/EnsEMBL/Registry.pm in @INC (you may need to install the Bio::EnsEMBL::Registry module) (@INC contains: /etc/perl /usr/local/lib/x86_64-linux-gnu/perl/5.36.0 /usr/local/share/perl/5.36.0 /usr/lib/x86_64-linux-gnu/perl5/5.36 /usr/share/perl5 /usr/lib/x86_64-linux-gnu/perl-base /usr/lib/x86_64-linux-gnu/perl/5.36 /usr/share/perl/5.36 /usr/local/lib/site_perl).
BEGIN failed--compilation aborted.

=== FINAL VEP TEST ===
[CMD] /root/tools/vep/vep --help | head
Can't locate Bio/EnsEMBL/Registry.pm in @INC (you may need to install the Bio::EnsEMBL::Registry module) (@INC contains: /root/tools/vep/ensembl-vep-release-115.2/modules /root/tools/vep/ensembl-vep-release-115.2 /etc/perl /usr/local/lib/x86_64-linux-gnu/perl/5.36.0 /usr/local/share/perl/5.36.0 /usr/lib/x86_64-linux-gnu/perl5/5.36 /usr/share/perl5 /usr/lib/x86_64-linux-gnu/perl-base /usr/lib/x86_64-linux-gnu/perl/5.36 /usr/share/perl/5.36 /usr/local/lib/site_perl) at /root/tools/vep/ensembl-vep-release-115.2/modules/Bio/EnsEMBL/VEP/BaseVEP.pm line 58.
BEGIN failed--compilation aborted at /root/tools/vep/ensembl-vep-release-115.2/modules/Bio/EnsEMBL/VEP/BaseVEP.pm line 58.
Compilation failed in require at /usr/lib/x86_64-linux-gnu/perl-base/base.pm line 135.
	...propagated at /usr/lib/x86_64-linux-gnu/perl-base/base.pm line 157.
BEGIN failed--compilation aborted at /root/tools/vep/ensembl-vep-release-115.2/modules/Bio/EnsEMBL/VEP/BaseRunner.pm line 56.
Compilation failed in require at /usr/lib/x86_64-linux-gnu/perl-base/base.pm line 135.
	...propagated at /usr/lib/x86_64-linux-gnu/perl-base/base.pm line 157.
BEGIN failed--compilation aborted at /root/tools/vep/ensembl-vep-release-115.2/modules/Bio/EnsEMBL/VEP/Runner.pm line 71.
Compilation failed in require at /root/tools/vep/vep line 20.
BEGIN failed--compilation aborted at /root/tools/vep/vep line 20.

[INFO] Mark VEP clean reinstall completed at Wed Apr 22 08:39:13 PM EDT 2026
[INFO] Log file saved to: /root/Desktop/mark_clean_reinstall_vep_20260422_203815.log
