[INFO] Mark VEP upgrade/bootstrap started at Wed Apr 22 06:03:42 PM EDT 2026
[INFO] Log file: /root/Desktop/mark_upgrade_and_bootstrap_vep_20260422_180342.log
[INFO] Repo root: /root/dev/portfolio_projects/variant_annotation_pipeline
[INFO] VEP version: 115.2
[INFO] VEP archive path: /root/Desktop/ensembl-vep-release-115.2.tar.gz
[INFO] VEP tools dir: /root/tools/vep
[INFO] VEP root: /root/tools/vep/ensembl-vep-release-115.2

=== PRECHECKS ===
[CMD] perl -MDBI -e 'print $DBI::VERSION, qq(\n)'
1.643

[CMD] ls -lah /root/tools
total 20K
drwxr-xr-x  5 root root 4.0K Apr 22 14:13 .
drwx------ 26 root root 4.0K Apr 22 16:29 ..
drwxr-xr-x  2 root root 4.0K Apr 22 14:13 annovar
drwxr-xr-x  3 root root 4.0K Apr 21 20:10 gatk
drwxr-xr-x  3 root root 4.0K Apr 22 16:06 vep

=== DOWNLOAD LATEST VEP ARCHIVE ===
[CMD] curl -fL -o /root/Desktop/ensembl-vep-release-115.2.tar.gz https://github.com/Ensembl/ensembl-vep/archive/refs/tags/release/115.2.tar.gz
  % Total    % Received % Xferd  Average Speed   Time    Time     Time  Current
                                 Dload  Upload   Total   Spent    Left  Speed
  0     0    0     0    0     0      0      0 --:--:-- --:--:-- --:--:--     0  0     0    0     0    0     0      0      0 --:--:-- --:--:-- --:--:--     0
100 12393    0 12393    0     0  34156      0 --:--:-- --:--:-- --:--:-- 34156100 4408k    0 4408k    0     0  3232k      0 --:--:--  0:00:01 --:--:-- 4395k100 11.2M    0 11.2M    0     0  4970k      0 --:--:--  0:00:02 --:--:-- 5881k100 14.0M    0 14.0M    0     0  4284k      0 --:--:--  0:00:03 --:--:-- 4798k100 16.5M    0 16.5M    0     0  3921k      0 --:--:--  0:00:04 --:--:-- 4277k100 19.2M    0 19.2M    0     0  3655k      0 --:--:--  0:00:05 --:--:-- 3916k100 21.7M    0 21.7M    0     0  3523k      0 --:--:--  0:00:06 --:--:-- 3602k100 38.8M    0 38.8M    0     0  5423k      0 --:--:--  0:00:07 --:--:-- 5634k100 41.5M    0 41.5M    0     0  5080k      0 --:--:--  0:00:08 --:--:-- 5616k100 44.3M    0 44.3M    0     0  4820k      0 --:--:--  0:00:09 --:--:-- 5586k100 46.7M    0 46.7M    0     0  4628k      0 --:--:--  0:00:10 --:--:-- 5689k100 49.3M    0 49.3M    0     0  4448k      0 --:--:--  0:00:11 --:--:-- 5616k100 52.0M    0 52.0M    0     0  4310k      0 --:--:--  0:00:12 --:--:-- 2685k100 54.5M    0 54.5M    0     0  4182k      0 --:--:--  0:00:13 --:--:-- 2672k100 57.3M    0 57.3M    0     0  4076k      0 --:--:--  0:00:14 --:--:-- 2668k100 59.8M    0 59.8M    0     0  3993k      0 --:--:--  0:00:15 --:--:-- 2676k100 60.4M    0 60.4M    0     0  3991k      0 --:--:--  0:00:15 --:--:-- 2738k

[CMD] ls -lah /root/Desktop/ensembl-vep-release-115.2.tar.gz
-rw-r--r-- 1 root root 61M Apr 22 18:03 /root/Desktop/ensembl-vep-release-115.2.tar.gz

[CMD] tar -tzf /root/Desktop/ensembl-vep-release-115.2.tar.gz | head
ensembl-vep-release-115.2/
ensembl-vep-release-115.2/.github/
ensembl-vep-release-115.2/.github/ISSUE_TEMPLATE/
ensembl-vep-release-115.2/.github/ISSUE_TEMPLATE/issue-report.md
ensembl-vep-release-115.2/.github/workflows/
ensembl-vep-release-115.2/.github/workflows/docker.yml
ensembl-vep-release-115.2/.github/workflows/merge-branches.yml
ensembl-vep-release-115.2/.travis.yml
ensembl-vep-release-115.2/INSTALL.pl
ensembl-vep-release-115.2/LICENSE

=== CLEAN PREVIOUS VEP SOURCE TREE ===
[CMD] rm -rf /root/tools/vep/ensembl-vep-release-115.2

=== EXTRACT INTO /root/tools/vep ===
[CMD] tar -xzf /root/Desktop/ensembl-vep-release-115.2.tar.gz -C /root/tools/vep

=== REFRESH CANONICAL SYMLINK ===
[CMD] ls -lah /root/tools/vep
total 16K
drwxr-xr-x  4 root root 4.0K Apr 22 18:03 .
drwxr-xr-x  5 root root 4.0K Apr 22 14:13 ..
drwxrwxr-x 10 root root 4.0K Apr 22 17:39 ensembl-vep-release-115.0
drwxrwxr-x 10 root root 4.0K Sep 25  2025 ensembl-vep-release-115.2
lrwxrwxrwx  1 root root   45 Apr 22 18:03 vep -> /root/tools/vep/ensembl-vep-release-115.2/vep

=== RUN INSTALL.PL (AUTO-CONTINUE IF ASKED) ===
[CMD] printf 'n\n' | perl INSTALL.pl --NO_TEST
WARNING: DBD::mysql module not found. VEP can only run in offline (--offline) mode without DBD::mysql installed

http://www.ensembl.org/info/docs/tools/vep/script/vep_download.html#requirements
Hello! This installer will help you set up VEP v115, including:
 - Install v115 of the Ensembl API for use by the VEP. It will not affect any existing installations of the Ensembl API that you may have.
 - Download and install cache files from Ensembl's FTP server.
 - Download FASTA files from Ensembl's FTP server.
 - Download VEP plugins.

Checking for installed versions of the Ensembl API...done

Setting up directories
 - fetching BioPerl
 - unpacking ./Bio/tmp/release-1-6-924.zip
 - moving files
Attempting to install Bio::DB::HTS and htslib.

>>> If this fails, try re-running with --NO_HTSLIB

bzlib.h, lzma.h library header(s) not found in /usr/include. Please install it and try again.
(or to skip Bio::DB::HTS/htslib install re-run with --NO_HTSLIB)

On Debian/Ubuntu systems you can do this with the command:

apt-get install libbz2-dev liblzma-dev


=== POST-INSTALL HELP CHECK ===
[CMD] /root/tools/vep/vep --help | head
Can't locate Bio/EnsEMBL/Registry.pm in @INC (you may need to install the Bio::EnsEMBL::Registry module) (@INC contains: /root/tools/vep/ensembl-vep-release-115.2/modules /root/tools/vep/ensembl-vep-release-115.2 /etc/perl /usr/local/lib/x86_64-linux-gnu/perl/5.36.0 /usr/local/share/perl/5.36.0 /usr/lib/x86_64-linux-gnu/perl5/5.36 /usr/share/perl5 /usr/lib/x86_64-linux-gnu/perl-base /usr/lib/x86_64-linux-gnu/perl/5.36 /usr/share/perl/5.36 /usr/local/lib/site_perl) at /root/tools/vep/ensembl-vep-release-115.2/modules/Bio/EnsEMBL/VEP/BaseVEP.pm line 58.
BEGIN failed--compilation aborted at /root/tools/vep/ensembl-vep-release-115.2/modules/Bio/EnsEMBL/VEP/BaseVEP.pm line 58.
Compilation failed in require at /usr/lib/x86_64-linux-gnu/perl-base/base.pm line 135.
	...propagated at /usr/lib/x86_64-linux-gnu/perl-base/base.pm line 157.
BEGIN failed--compilation aborted at /root/tools/vep/ensembl-vep-release-115.2/modules/Bio/EnsEMBL/VEP/BaseRunner.pm line 56.
Compilation failed in require at /usr/lib/x86_64-linux-gnu/perl-base/base.pm line 135.
	...propagated at /usr/lib/x86_64-linux-gnu/perl-base/base.pm line 157.
BEGIN failed--compilation aborted at /root/tools/vep/ensembl-vep-release-115.2/modules/Bio/EnsEMBL/VEP/Runner.pm line 71.
Compilation failed in require at /root/tools/vep/vep line 20.
BEGIN failed--compilation aborted at /root/tools/vep/vep line 20.

=== FINAL LAYOUT ===
[CMD] tree -L 3 /root/tools/vep
/root/tools/vep
в”њв”Ђв”Ђ ensembl-vep-release-115.0
в”‚В В  в”њв”Ђв”Ђ convert_cache.pl
в”‚В В  в”њв”Ђв”Ђ cpanfile
в”‚В В  в”њв”Ђв”Ђ docker
в”‚В В  в”‚В В  в”њв”Ђв”Ђ Dockerfile
в”‚В В  в”‚В В  в””в”Ђв”Ђ Dockerfile.dockerignore
в”‚В В  в”њв”Ђв”Ђ examples
в”‚В В  в”‚В В  в”њв”Ђв”Ђ arabidopsis_thaliana.TAIR10.vcf
в”‚В В  в”‚В В  в”њв”Ђв”Ђ bos_taurus_UMD3.1.vcf
в”‚В В  в”‚В В  в”њв”Ђв”Ђ canis_familiaris_CanFam3.1.vcf
в”‚В В  в”‚В В  в”њв”Ђв”Ђ danio_rerio_GRCz10.vcf
в”‚В В  в”‚В В  в”њв”Ђв”Ђ drosophila_melanogaster_BDGP6.vcf
в”‚В В  в”‚В В  в”њв”Ђв”Ђ homo_sapiens_GRCh37.vcf
в”‚В В  в”‚В В  в”њв”Ђв”Ђ homo_sapiens_GRCh38.vcf
в”‚В В  в”‚В В  в”њв”Ђв”Ђ mus_musculus_GRCm38.vcf
в”‚В В  в”‚В В  в”њв”Ђв”Ђ rattus_norvegicus_Rnor_6.0.vcf
в”‚В В  в”‚В В  в””в”Ђв”Ђ sus_scrofa_Sscrofa10.2.vcf
в”‚В В  в”њв”Ђв”Ђ filter_vep
в”‚В В  в”њв”Ђв”Ђ haplo
в”‚В В  в”њв”Ђв”Ђ INSTALL.pl
в”‚В В  в”њв”Ђв”Ђ LICENSE
в”‚В В  в”њв”Ђв”Ђ main.nf
в”‚В В  в”њв”Ђв”Ђ modules
в”‚В В  в”‚В В  в””в”Ђв”Ђ Bio
в”‚В В  в”њв”Ђв”Ђ nextflow
в”‚В В  в”‚В В  в”њв”Ђв”Ђ examples
в”‚В В  в”‚В В  в”њв”Ђв”Ђ main.nf
в”‚В В  в”‚В В  в”њв”Ђв”Ђ modules
в”‚В В  в”‚В В  в”њв”Ђв”Ђ nextflow.config
в”‚В В  в”‚В В  в”њв”Ђв”Ђ nextflow_schema.json
в”‚В В  в”‚В В  в”њв”Ђв”Ђ README.md
в”‚В В  в”‚В В  в”њв”Ђв”Ђ vep_config
в”‚В В  в”‚В В  в””в”Ђв”Ђ workflows
в”‚В В  в”њв”Ђв”Ђ nextflow.config
в”‚В В  в”њв”Ђв”Ђ README.md
в”‚В В  в”њв”Ђв”Ђ t
в”‚В В  в”‚В В  в”њв”Ђв”Ђ AnnotationSourceAdaptor.t
в”‚В В  в”‚В В  в”њв”Ђв”Ђ AnnotationSource_Cache_RegFeat.t
в”‚В В  в”‚В В  в”њв”Ђв”Ђ AnnotationSource_Cache.t
в”‚В В  в”‚В В  в”њв”Ђв”Ђ AnnotationSource_Cache_Transcript.t
в”‚В В  в”‚В В  в”њв”Ђв”Ђ AnnotationSource_Cache_Variation.t
в”‚В В  в”‚В В  в”њв”Ђв”Ђ AnnotationSource_Cache_VariationTabix.t
в”‚В В  в”‚В В  в”њв”Ђв”Ђ AnnotationSource_Database_RegFeat.t
в”‚В В  в”‚В В  в”њв”Ђв”Ђ AnnotationSource_Database_StructuralVariation.t
в”‚В В  в”‚В В  в”њв”Ђв”Ђ AnnotationSource_Database_Transcript.t
в”‚В В  в”‚В В  в”њв”Ђв”Ђ AnnotationSource_Database_Variation.t
в”‚В В  в”‚В В  в”њв”Ђв”Ђ AnnotationSource_File_BED.t
в”‚В В  в”‚В В  в”њв”Ђв”Ђ AnnotationSource_File_BigWig.t
в”‚В В  в”‚В В  в”њв”Ђв”Ђ AnnotationSource_File_GFF.t
в”‚В В  в”‚В В  в”њв”Ђв”Ђ AnnotationSource_File_GTF.t
в”‚В В  в”‚В В  в”њв”Ђв”Ђ AnnotationSource_File.t
в”‚В В  в”‚В В  в”њв”Ђв”Ђ AnnotationSource_File_VCF.t
в”‚В В  в”‚В В  в”њв”Ђв”Ђ AnnotationSource.t
в”‚В В  в”‚В В  в”њв”Ђв”Ђ bam_edit.t
в”‚В В  в”‚В В  в”њв”Ђв”Ђ BaseVEP.t
в”‚В В  в”‚В В  в”њв”Ђв”Ђ CacheDir.t
в”‚В В  в”‚В В  в”њв”Ђв”Ђ Config.t
в”‚В В  в”‚В В  в”њв”Ђв”Ђ FilterSet.t
в”‚В В  в”‚В В  в”њв”Ђв”Ђ Haplo_AnnotationSource_Cache_Transcript.t
в”‚В В  в”‚В В  в”њв”Ђв”Ђ Haplo_AnnotationSource_Database_Transcript.t
в”‚В В  в”‚В В  в”њв”Ђв”Ђ Haplo_AnnotationSource_File_GFF.t
в”‚В В  в”‚В В  в”њв”Ђв”Ђ Haplo_AnnotationSource_File_GTF.t
в”‚В В  в”‚В В  в”њв”Ђв”Ђ Haplo_InputBuffer.t
в”‚В В  в”‚В В  в”њв”Ђв”Ђ Haplo_Parser_VCF.t
в”‚В В  в”‚В В  в”њв”Ђв”Ђ Haplo_Runner.t
в”‚В В  в”‚В В  в”њв”Ђв”Ђ InputBuffer.t
в”‚В В  в”‚В В  в”њв”Ђв”Ђ MultiTestDB.conf.default
в”‚В В  в”‚В В  в”њв”Ђв”Ђ MultiTestDB.conf.example
в”‚В В  в”‚В В  в”њв”Ђв”Ђ OutputFactory_JSON.t
в”‚В В  в”‚В В  в”њв”Ђв”Ђ OutputFactory.t
в”‚В В  в”‚В В  в”њв”Ђв”Ђ OutputFactory_Tab.t
в”‚В В  в”‚В В  в”њв”Ђв”Ђ OutputFactory_VCF.t
в”‚В В  в”‚В В  в”њв”Ђв”Ђ OutputFactory_VEP_output.t
в”‚В В  в”‚В В  в”њв”Ђв”Ђ Parser_CAID.t
в”‚В В  в”‚В В  в”њв”Ђв”Ђ Parser_HGVS.t
в”‚В В  в”‚В В  в”њв”Ђв”Ђ Parser_ID.t
в”‚В В  в”‚В В  в”њв”Ђв”Ђ Parser_Region.t
в”‚В В  в”‚В В  в”њв”Ђв”Ђ Parser_SPDI.t
в”‚В В  в”‚В В  в”њв”Ђв”Ђ Parser.t
в”‚В В  в”‚В В  в”њв”Ђв”Ђ Parser_VCF.t
в”‚В В  в”‚В В  в”њв”Ђв”Ђ Parser_VEP_input.t
в”‚В В  в”‚В В  в”њв”Ђв”Ђ README
в”‚В В  в”‚В В  в”њв”Ђв”Ђ Runner.t
в”‚В В  в”‚В В  в”њв”Ђв”Ђ Stats.t
в”‚В В  в”‚В В  в”њв”Ђв”Ђ test_core_region_config.json
в”‚В В  в”‚В В  в”њв”Ђв”Ђ test_core_region_mouse_config.json
в”‚В В  в”‚В В  в”њв”Ђв”Ђ testdata
в”‚В В  в”‚В В  в”њв”Ђв”Ђ test-genome-DBs
в”‚В В  в”‚В В  в”њв”Ђв”Ђ test_otherfeatures_region_config.json
в”‚В В  в”‚В В  в”њв”Ђв”Ђ TestPluginCache.pm
в”‚В В  в”‚В В  в”њв”Ђв”Ђ TestPluginNewFails.pm
в”‚В В  в”‚В В  в”њв”Ђв”Ђ TestPluginNoCompile.pm
в”‚В В  в”‚В В  в”њв”Ђв”Ђ TestPluginNoMethods.pm
в”‚В В  в”‚В В  в”њв”Ђв”Ђ TestPlugin.pm
в”‚В В  в”‚В В  в”њв”Ђв”Ђ TestPluginRegFeat.pm
в”‚В В  в”‚В В  в”њв”Ђв”Ђ TestPluginRunFails.pm
в”‚В В  в”‚В В  в”њв”Ђв”Ђ TranscriptTree.t
в”‚В В  в”‚В В  в”њв”Ђв”Ђ translation_md5s.txt
в”‚В В  в”‚В В  в”њв”Ђв”Ђ Utils.t
в”‚В В  в”‚В В  в”њв”Ђв”Ђ VariantRecoder.t
в”‚В В  в”‚В В  в”њв”Ђв”Ђ VEPTestingConfig.pm
в”‚В В  в”‚В В  в””в”Ђв”Ђ version.t
в”‚В В  в”њв”Ђв”Ђ travisci
в”‚В В  в”‚В В  в”њв”Ђв”Ђ api_build_run_last_hour.py
в”‚В В  в”‚В В  в”њв”Ђв”Ђ build_c.sh
в”‚В В  в”‚В В  в”њв”Ђв”Ђ get_dependencies.sh
в”‚В В  в”‚В В  в”њв”Ђв”Ђ harness.sh
в”‚В В  в”‚В В  в”њв”Ђв”Ђ install_dependencies.sh
в”‚В В  в”‚В В  в”њв”Ђв”Ђ install_mysql.sh
в”‚В В  в”‚В В  в”њв”Ђв”Ђ MultiTestDB.conf.travisci
в”‚В В  в”‚В В  в””в”Ђв”Ђ trigger-dependent-build.sh
в”‚В В  в”њв”Ђв”Ђ validator
в”‚В В  в”‚В В  в”њв”Ђв”Ђ test_vep_input_validator.py
в”‚В В  в”‚В В  в””в”Ђв”Ђ vep_input_format_validator.py
в”‚В В  в”њв”Ђв”Ђ variant_recoder
в”‚В В  в””в”Ђв”Ђ vep
в”њв”Ђв”Ђ ensembl-vep-release-115.2
в”‚В В  в”њв”Ђв”Ђ Bio
в”‚В В  в”‚В В  в”њв”Ђв”Ђ Align
в”‚В В  в”‚В В  в”њв”Ђв”Ђ AlignIO
в”‚В В  в”‚В В  в”њв”Ђв”Ђ AlignIO.pm
в”‚В В  в”‚В В  в”њв”Ђв”Ђ AnalysisI.pm
в”‚В В  в”‚В В  в”њв”Ђв”Ђ AnalysisParserI.pm
в”‚В В  в”‚В В  в”њв”Ђв”Ђ AnalysisResultI.pm
в”‚В В  в”‚В В  в”њв”Ђв”Ђ AnnotatableI.pm
в”‚В В  в”‚В В  в”њв”Ђв”Ђ Annotation
в”‚В В  в”‚В В  в”њв”Ђв”Ђ AnnotationCollectionI.pm
в”‚В В  в”‚В В  в”њв”Ђв”Ђ AnnotationI.pm
в”‚В В  в”‚В В  в”њв”Ђв”Ђ Assembly
в”‚В В  в”‚В В  в”њв”Ђв”Ђ Cluster
в”‚В В  в”‚В В  в”њв”Ђв”Ђ ClusterIO
в”‚В В  в”‚В В  в”њв”Ђв”Ђ ClusterIO.pm
в”‚В В  в”‚В В  в”њв”Ђв”Ђ ClusterI.pm
в”‚В В  в”‚В В  в”њв”Ђв”Ђ CodonUsage
в”‚В В  в”‚В В  в”њв”Ђв”Ђ Coordinate
в”‚В В  в”‚В В  в”њв”Ђв”Ђ Das
в”‚В В  в”‚В В  в”њв”Ђв”Ђ DasI.pm
в”‚В В  в”‚В В  в”њв”Ђв”Ђ DB
в”‚В В  в”‚В В  в”њв”Ђв”Ђ DBLinkContainerI.pm
в”‚В В  в”‚В В  в”њв”Ђв”Ђ DescribableI.pm
в”‚В В  в”‚В В  в”њв”Ђв”Ђ Draw
в”‚В В  в”‚В В  в”њв”Ђв”Ђ Event
в”‚В В  в”‚В В  в”њв”Ђв”Ђ Factory
в”‚В В  в”‚В В  в”њв”Ђв”Ђ FeatureHolderI.pm
в”‚В В  в”‚В В  в”њв”Ђв”Ђ HandlerBaseI.pm
в”‚В В  в”‚В В  в”њв”Ђв”Ђ IdCollectionI.pm
в”‚В В  в”‚В В  в”њв”Ђв”Ђ IdentifiableI.pm
в”‚В В  в”‚В В  в”њв”Ђв”Ђ Index
в”‚В В  в”‚В В  в”њв”Ђв”Ђ LiveSeq
в”‚В В  в”‚В В  в”њв”Ђв”Ђ LocatableSeq.pm
в”‚В В  в”‚В В  в”њв”Ђв”Ђ Location
в”‚В В  в”‚В В  в”њв”Ђв”Ђ LocationI.pm
в”‚В В  в”‚В В  в”њв”Ђв”Ђ Map
в”‚В В  в”‚В В  в”њв”Ђв”Ђ MapIO
в”‚В В  в”‚В В  в”њв”Ђв”Ђ MapIO.pm
в”‚В В  в”‚В В  в”њв”Ђв”Ђ Matrix
в”‚В В  в”‚В В  в”њв”Ђв”Ђ MolEvol
в”‚В В  в”‚В В  в”њв”Ђв”Ђ Nexml
в”‚В В  в”‚В В  в”њв”Ђв”Ђ NexmlIO.pm
в”‚В В  в”‚В В  в”њв”Ђв”Ђ Ontology
в”‚В В  в”‚В В  в”њв”Ђв”Ђ OntologyIO
в”‚В В  в”‚В В  в”њв”Ђв”Ђ OntologyIO.pm
в”‚В В  в”‚В В  в”њв”Ђв”Ђ ParameterBaseI.pm
в”‚В В  в”‚В В  в”њв”Ђв”Ђ Perl.pm
в”‚В В  в”‚В В  в”њв”Ђв”Ђ Phenotype
в”‚В В  в”‚В В  в”њв”Ђв”Ђ PhyloNetwork
в”‚В В  в”‚В В  в”њв”Ђв”Ђ PhyloNetwork.pm
в”‚В В  в”‚В В  в”њв”Ђв”Ђ PopGen
в”‚В В  в”‚В В  в”њв”Ђв”Ђ PrimarySeqI.pm
в”‚В В  в”‚В В  в”њв”Ђв”Ђ PrimarySeq.pm
в”‚В В  в”‚В В  в”њв”Ђв”Ђ PullParserI.pm
в”‚В В  в”‚В В  в”њв”Ђв”Ђ RangeI.pm
в”‚В В  в”‚В В  в”њв”Ђв”Ђ Range.pm
в”‚В В  в”‚В В  в”њв”Ђв”Ђ Restriction
в”‚В В  в”‚В В  в”њв”Ђв”Ђ Root
в”‚В В  в”‚В В  в”њв”Ђв”Ђ Search
в”‚В В  в”‚В В  в”њв”Ђв”Ђ SearchDist.pm
в”‚В В  в”‚В В  в”њв”Ђв”Ђ SearchIO
в”‚В В  в”‚В В  в”њв”Ђв”Ђ SearchIO.pm
в”‚В В  в”‚В В  в”њв”Ђв”Ђ Seq
в”‚В В  в”‚В В  в”њв”Ђв”Ђ SeqAnalysisParserI.pm
в”‚В В  в”‚В В  в”њв”Ђв”Ђ SeqEvolution
в”‚В В  в”‚В В  в”њв”Ђв”Ђ SeqFeature
в”‚В В  в”‚В В  в”њв”Ђв”Ђ SeqFeatureI.pm
в”‚В В  в”‚В В  в”њв”Ђв”Ђ SeqIO
в”‚В В  в”‚В В  в”њв”Ђв”Ђ SeqIO.pm
в”‚В В  в”‚В В  в”њв”Ђв”Ђ SeqI.pm
в”‚В В  в”‚В В  в”њв”Ђв”Ђ Seq.pm
в”‚В В  в”‚В В  в”њв”Ђв”Ђ SeqUtils.pm
в”‚В В  в”‚В В  в”њв”Ђв”Ђ SimpleAlign.pm
в”‚В В  в”‚В В  в”њв”Ђв”Ђ SimpleAnalysisI.pm
в”‚В В  в”‚В В  в”њв”Ђв”Ђ Species.pm
в”‚В В  в”‚В В  в”њв”Ђв”Ђ Structure
в”‚В В  в”‚В В  в”њв”Ђв”Ђ Symbol
в”‚В В  в”‚В В  в”њв”Ђв”Ђ Taxonomy
в”‚В В  в”‚В В  в”њв”Ђв”Ђ Taxonomy.pm
в”‚В В  в”‚В В  в”њв”Ђв”Ђ Taxon.pm
в”‚В В  в”‚В В  в”њв”Ђв”Ђ Tools
в”‚В В  в”‚В В  в”њв”Ђв”Ђ Tree
в”‚В В  в”‚В В  в”њв”Ђв”Ђ TreeIO
в”‚В В  в”‚В В  в”њв”Ђв”Ђ TreeIO.pm
в”‚В В  в”‚В В  в”њв”Ђв”Ђ UpdateableSeqI.pm
в”‚В В  в”‚В В  в”њв”Ђв”Ђ Variation
в”‚В В  в”‚В В  в””в”Ђв”Ђ WebAgent.pm
в”‚В В  в”њв”Ђв”Ђ convert_cache.pl
в”‚В В  в”њв”Ђв”Ђ cpanfile
в”‚В В  в”њв”Ђв”Ђ docker
в”‚В В  в”‚В В  в”њв”Ђв”Ђ Dockerfile
в”‚В В  в”‚В В  в””в”Ђв”Ђ Dockerfile.dockerignore
в”‚В В  в”њв”Ђв”Ђ examples
в”‚В В  в”‚В В  в”њв”Ђв”Ђ arabidopsis_thaliana.TAIR10.vcf
в”‚В В  в”‚В В  в”њв”Ђв”Ђ bos_taurus_UMD3.1.vcf
в”‚В В  в”‚В В  в”њв”Ђв”Ђ canis_familiaris_CanFam3.1.vcf
в”‚В В  в”‚В В  в”њв”Ђв”Ђ danio_rerio_GRCz10.vcf
в”‚В В  в”‚В В  в”њв”Ђв”Ђ drosophila_melanogaster_BDGP6.vcf
в”‚В В  в”‚В В  в”њв”Ђв”Ђ homo_sapiens_GRCh37.vcf
в”‚В В  в”‚В В  в”њв”Ђв”Ђ homo_sapiens_GRCh38.vcf
в”‚В В  в”‚В В  в”њв”Ђв”Ђ mus_musculus_GRCm38.vcf
в”‚В В  в”‚В В  в”њв”Ђв”Ђ rattus_norvegicus_Rnor_6.0.vcf
в”‚В В  в”‚В В  в””в”Ђв”Ђ sus_scrofa_Sscrofa10.2.vcf
в”‚В В  в”њв”Ђв”Ђ filter_vep
в”‚В В  в”њв”Ђв”Ђ haplo
в”‚В В  в”њв”Ђв”Ђ INSTALL.pl
в”‚В В  в”њв”Ђв”Ђ LICENSE
в”‚В В  в”њв”Ђв”Ђ main.nf
в”‚В В  в”њв”Ђв”Ђ modules
в”‚В В  в”‚В В  в””в”Ђв”Ђ Bio
в”‚В В  в”њв”Ђв”Ђ nextflow
в”‚В В  в”‚В В  в”њв”Ђв”Ђ examples
в”‚В В  в”‚В В  в”њв”Ђв”Ђ main.nf
в”‚В В  в”‚В В  в”њв”Ђв”Ђ modules
в”‚В В  в”‚В В  в”њв”Ђв”Ђ nextflow.config
в”‚В В  в”‚В В  в”њв”Ђв”Ђ nextflow_schema.json
в”‚В В  в”‚В В  в”њв”Ђв”Ђ README.md
в”‚В В  в”‚В В  в”њв”Ђв”Ђ vep_config
в”‚В В  в”‚В В  в””в”Ђв”Ђ workflows
в”‚В В  в”њв”Ђв”Ђ nextflow.config
в”‚В В  в”њв”Ђв”Ђ README.md
в”‚В В  в”њв”Ђв”Ђ t
в”‚В В  в”‚В В  в”њв”Ђв”Ђ AnnotationSourceAdaptor.t
в”‚В В  в”‚В В  в”њв”Ђв”Ђ AnnotationSource_Cache_RegFeat.t
в”‚В В  в”‚В В  в”њв”Ђв”Ђ AnnotationSource_Cache.t
в”‚В В  в”‚В В  в”њв”Ђв”Ђ AnnotationSource_Cache_Transcript.t
в”‚В В  в”‚В В  в”њв”Ђв”Ђ AnnotationSource_Cache_Variation.t
в”‚В В  в”‚В В  в”њв”Ђв”Ђ AnnotationSource_Cache_VariationTabix.t
в”‚В В  в”‚В В  в”њв”Ђв”Ђ AnnotationSource_Database_RegFeat.t
в”‚В В  в”‚В В  в”њв”Ђв”Ђ AnnotationSource_Database_StructuralVariation.t
в”‚В В  в”‚В В  в”њв”Ђв”Ђ AnnotationSource_Database_Transcript.t
в”‚В В  в”‚В В  в”њв”Ђв”Ђ AnnotationSource_Database_Variation.t
в”‚В В  в”‚В В  в”њв”Ђв”Ђ AnnotationSource_File_BED.t
в”‚В В  в”‚В В  в”њв”Ђв”Ђ AnnotationSource_File_BigWig.t
в”‚В В  в”‚В В  в”њв”Ђв”Ђ AnnotationSource_File_GFF.t
в”‚В В  в”‚В В  в”њв”Ђв”Ђ AnnotationSource_File_GTF.t
в”‚В В  в”‚В В  в”њв”Ђв”Ђ AnnotationSource_File.t
в”‚В В  в”‚В В  в”њв”Ђв”Ђ AnnotationSource_File_VCF.t
в”‚В В  в”‚В В  в”њв”Ђв”Ђ AnnotationSource.t
в”‚В В  в”‚В В  в”њв”Ђв”Ђ bam_edit.t
в”‚В В  в”‚В В  в”њв”Ђв”Ђ BaseVEP.t
в”‚В В  в”‚В В  в”њв”Ђв”Ђ CacheDir.t
в”‚В В  в”‚В В  в”њв”Ђв”Ђ Config.t
в”‚В В  в”‚В В  в”њв”Ђв”Ђ FilterSet.t
в”‚В В  в”‚В В  в”њв”Ђв”Ђ Haplo_AnnotationSource_Cache_Transcript.t
в”‚В В  в”‚В В  в”њв”Ђв”Ђ Haplo_AnnotationSource_Database_Transcript.t
в”‚В В  в”‚В В  в”њв”Ђв”Ђ Haplo_AnnotationSource_File_GFF.t
в”‚В В  в”‚В В  в”њв”Ђв”Ђ Haplo_AnnotationSource_File_GTF.t
в”‚В В  в”‚В В  в”њв”Ђв”Ђ Haplo_InputBuffer.t
в”‚В В  в”‚В В  в”њв”Ђв”Ђ Haplo_Parser_VCF.t
в”‚В В  в”‚В В  в”њв”Ђв”Ђ Haplo_Runner.t
в”‚В В  в”‚В В  в”њв”Ђв”Ђ InputBuffer.t
в”‚В В  в”‚В В  в”њв”Ђв”Ђ MultiTestDB.conf.default
в”‚В В  в”‚В В  в”њв”Ђв”Ђ MultiTestDB.conf.example
в”‚В В  в”‚В В  в”њв”Ђв”Ђ OutputFactory_JSON.t
в”‚В В  в”‚В В  в”њв”Ђв”Ђ OutputFactory.t
в”‚В В  в”‚В В  в”њв”Ђв”Ђ OutputFactory_Tab.t
в”‚В В  в”‚В В  в”њв”Ђв”Ђ OutputFactory_VCF.t
в”‚В В  в”‚В В  в”њв”Ђв”Ђ OutputFactory_VEP_output.t
в”‚В В  в”‚В В  в”њв”Ђв”Ђ Parser_CAID.t
в”‚В В  в”‚В В  в”њв”Ђв”Ђ Parser_HGVS.t
в”‚В В  в”‚В В  в”њв”Ђв”Ђ Parser_ID.t
в”‚В В  в”‚В В  в”њв”Ђв”Ђ Parser_Region.t
в”‚В В  в”‚В В  в”њв”Ђв”Ђ Parser_SPDI.t
в”‚В В  в”‚В В  в”њв”Ђв”Ђ Parser.t
в”‚В В  в”‚В В  в”њв”Ђв”Ђ Parser_VCF.t
в”‚В В  в”‚В В  в”њв”Ђв”Ђ Parser_VEP_input.t
в”‚В В  в”‚В В  в”њв”Ђв”Ђ README
в”‚В В  в”‚В В  в”њв”Ђв”Ђ Runner.t
в”‚В В  в”‚В В  в”њв”Ђв”Ђ Stats.t
в”‚В В  в”‚В В  в”њв”Ђв”Ђ test_core_region_config.json
в”‚В В  в”‚В В  в”њв”Ђв”Ђ test_core_region_mouse_config.json
в”‚В В  в”‚В В  в”њв”Ђв”Ђ testdata
в”‚В В  в”‚В В  в”њв”Ђв”Ђ test-genome-DBs
в”‚В В  в”‚В В  в”њв”Ђв”Ђ test_otherfeatures_region_config.json
в”‚В В  в”‚В В  в”њв”Ђв”Ђ TestPluginCache.pm
в”‚В В  в”‚В В  в”њв”Ђв”Ђ TestPluginNewFails.pm
в”‚В В  в”‚В В  в”њв”Ђв”Ђ TestPluginNoCompile.pm
в”‚В В  в”‚В В  в”њв”Ђв”Ђ TestPluginNoMethods.pm
в”‚В В  в”‚В В  в”њв”Ђв”Ђ TestPlugin.pm
в”‚В В  в”‚В В  в”њв”Ђв”Ђ TestPluginRegFeat.pm
в”‚В В  в”‚В В  в”њв”Ђв”Ђ TestPluginRunFails.pm
в”‚В В  в”‚В В  в”њв”Ђв”Ђ TranscriptTree.t
в”‚В В  в”‚В В  в”њв”Ђв”Ђ translation_md5s.txt
в”‚В В  в”‚В В  в”њв”Ђв”Ђ Utils.t
в”‚В В  в”‚В В  в”њв”Ђв”Ђ VariantRecoder.t
в”‚В В  в”‚В В  в”њв”Ђв”Ђ VEPTestingConfig.pm
в”‚В В  в”‚В В  в””в”Ђв”Ђ version.t
в”‚В В  в”њв”Ђв”Ђ travisci
в”‚В В  в”‚В В  в”њв”Ђв”Ђ api_build_run_last_hour.py
в”‚В В  в”‚В В  в”њв”Ђв”Ђ build_c.sh
в”‚В В  в”‚В В  в”њв”Ђв”Ђ get_dependencies.sh
в”‚В В  в”‚В В  в”њв”Ђв”Ђ harness.sh
в”‚В В  в”‚В В  в”њв”Ђв”Ђ install_dependencies.sh
в”‚В В  в”‚В В  в”њв”Ђв”Ђ install_mysql.sh
в”‚В В  в”‚В В  в”њв”Ђв”Ђ MultiTestDB.conf.travisci
в”‚В В  в”‚В В  в””в”Ђв”Ђ trigger-dependent-build.sh
в”‚В В  в”њв”Ђв”Ђ validator
в”‚В В  в”‚В В  в”њв”Ђв”Ђ test_vep_input_validator.py
в”‚В В  в”‚В В  в””в”Ђв”Ђ vep_input_format_validator.py
в”‚В В  в”њв”Ђв”Ђ variant_recoder
в”‚В В  в””в”Ђв”Ђ vep
в””в”Ђв”Ђ vep -> /root/tools/vep/ensembl-vep-release-115.2/vep

73 directories, 248 files

[INFO] Mark VEP upgrade/bootstrap completed at Wed Apr 22 06:04:02 PM EDT 2026
[INFO] Log file saved to: /root/Desktop/mark_upgrade_and_bootstrap_vep_20260422_180342.log
