[INFO] Mark VEP probe started at Wed Apr 22 11:06:08 AM EDT 2026
[INFO] Log file: /root/Desktop/mark_vep_probe_20260422_110608.log
[INFO] Initial working directory: /root/Desktop
[INFO] Target repo root: /root/dev/portfolio_projects/variant_annotation_pipeline

[INFO] Current working directory: /root/dev/portfolio_projects/variant_annotation_pipeline

[STEP] Activating VAP .venv
[INFO] Venv activated.

=== BASIC TOOL CHECKS ===
[CMD] which perl
/usr/bin/perl

[CMD] perl -v | head -n 5

This is perl 5, version 36, subversion 0 (v5.36.0) built for x86_64-linux-gnu-thread-multi
(with 60 registered patches, see perl -V for more detail)

Copyright 1987-2022, Larry Wall

[CMD] which vep

[CMD] vep --help | head
./mark_probe_vep_installability.sh: line 40: vep: command not found

=== PACKAGE / PATH DISCOVERY ===
[CMD] find /root/tools /usr/local /usr/bin /opt -maxdepth 4 -name vep 2>/dev/null

[CMD] apt-cache policy ensembl-vep
ensembl-vep:
  Installed: (none)
  Candidate: (none)
  Version table:

[CMD] apt-cache search ensembl-vep

=== TARGET LAYOUT CHECK ===
[CMD] ls -lah /root/tools
total 12K
drwxr-xr-x  3 root root 4.0K Apr 21 18:13 .
drwx------ 26 root root 4.0K Apr 22 10:47 ..
drwxr-xr-x  3 root root 4.0K Apr 21 20:10 gatk

[CMD] ls -lah /root/tools/vep
ls: cannot access '/root/tools/vep': No such file or directory

[CMD] ls -lah /data/storage/reference/vep
total 12K
drwxr-xr-x 3 root root 4.0K Apr 21 16:10 .
drwxr-xr-x 6 root root 4.0K Apr 21 16:10 ..
drwxr-xr-x 2 root root 4.0K Apr 21 16:10 cache

[CMD] ls -lah /data/storage/reference/vep/cache
total 8.0K
drwxr-xr-x 2 root root 4.0K Apr 21 16:10 .
drwxr-xr-x 3 root root 4.0K Apr 21 16:10 ..

=== VAP RESOURCE SCRIPT STATUS ===
[CMD] TARGET_ENV=mark MODE=status bash scripts/resources/setup_annotation_resources.sh
[INFO] MODE: status
[INFO] VEP_EXECUTABLE: <unset>
[INFO] VEP_CACHE_DIR: /mnt/storage/reference/vep/cache
[INFO] ANNOVAR_HUMANDB_DIR: /mnt/storage/reference/annovar/humandb
[INFO] ANNOVAR_EXECUTABLE: <unset>
[WARN] Tool not found on PATH: vep
[INFO] Found tool on PATH: perl -> /usr/bin/perl
[WARN] ANNOVAR executable path not provided.
[WARN] VEP cache directory does not exist.
[WARN] ANNOVAR humandb directory does not exist.

[INFO] Mark VEP probe completed at Wed Apr 22 11:06:09 AM EDT 2026
[INFO] Log file saved to: /root/Desktop/mark_vep_probe_20260422_110608.log
